<?xml version="1.0" encoding="UTF-8"?>
<!-- Generated by org.testng.reporters.JUnitXMLReporter -->
<testsuite ignored="15" hostname="Pratik" failures="0" tests="19" name=" Cash_ItemwiseRefundPaymentTest" time="0.563" errors="0" timestamp="2025-03-20T21:34:01 IST">
  <testcase classname="Pays.posfinaltesting.OpenOderTest" name="OpenOrder_Setup" time="0.0">
    <skipped/>
  </testcase> <!-- OpenOrder_Setup -->
  <testcase classname="Pays.posfinaltesting.OpenOderTest" name="OpenOrder_SelectOpenOrder" time="0.0">
    <skipped/>
  </testcase> <!-- OpenOrder_SelectOpenOrder -->
  <testcase classname="Pays.posfinaltesting.OpenOderTest" name="OpenOrder_ItemSelection" time="0.0">
    <skipped/>
  </testcase> <!-- OpenOrder_ItemSelection -->
  <testcase classname="Pays.posfinaltesting.OpenOderTest" name="OpenOrder_AddManualItems" time="0.0">
    <skipped/>
  </testcase> <!-- OpenOrder_AddManualItems -->
  <testcase classname="Pays.posfinaltesting.OpenOderTest" name="OpenOrder_UpdateItem" time="0.0">
    <skipped/>
  </testcase> <!-- OpenOrder_UpdateItem -->
  <testcase classname="Pays.posfinaltesting.OpenOderTest" name="OpenOrder_RemoveItem" time="0.0">
    <skipped/>
  </testcase> <!-- OpenOrder_RemoveItem -->
  <testcase classname="Pays.posfinaltesting.OpenOderTest" name="OpenOrder_SaveOrder" time="0.0">
    <skipped/>
  </testcase> <!-- OpenOrder_SaveOrder -->
  <testcase classname="Pays.posfinaltesting.OpenOderTest" name="OpenOrder_CheckOrderType" time="0.0">
    <skipped/>
  </testcase> <!-- OpenOrder_CheckOrderType -->
  <testcase classname="Pays.posfinaltesting.OpenOderTest" name="OpenOrder_UpdateOrder" time="0.0">
    <skipped/>
  </testcase> <!-- OpenOrder_UpdateOrder -->
  <testcase classname="Pays.posfinaltesting.OpenOderTest" name="OpenOrder_AddOrderNote" time="0.0">
    <skipped/>
  </testcase> <!-- OpenOrder_AddOrderNote -->
  <testcase classname="Pays.posfinaltesting.OpenOderTest" name="OpenOrder_AddDiscount" time="0.0">
    <skipped/>
  </testcase> <!-- OpenOrder_AddDiscount -->
  <testcase classname="Pays.posfinaltesting.OpenOderTest" name="OpenOrder_ChangeOrderType" time="0.0">
    <skipped/>
  </testcase> <!-- OpenOrder_ChangeOrderType -->
  <testcase classname="Pays.posfinaltesting.OpenOderTest" name="OpenOrder_AddCustomer" time="0.0">
    <skipped/>
  </testcase> <!-- OpenOrder_AddCustomer -->
  <testcase classname="Pays.posfinaltesting.OpenOderTest" name="OpenOrder_Transaction" time="0.0">
    <skipped/>
  </testcase> <!-- OpenOrder_Transaction -->
  <testcase classname="Pays.posfinaltesting.OpenOderTest" name="OpenOrder_Tip_AddTip" time="0.0">
    <skipped/>
  </testcase> <!-- OpenOrder_Tip_AddTip -->
  <testcase classname="Pays.posfinaltesting.OpenOderTest" name="OpenOrder_Cash_RefundItemWise_Payment" time="0.0">
    <skipped/>
  </testcase> <!-- OpenOrder_Cash_RefundItemWise_Payment -->
  <testcase classname="Pays.posfinaltesting.OpenOderTest" name="OpenOrder_Cash_RefundItemWise_SelectRefund" time="0.001">
    <skipped/>
  </testcase> <!-- OpenOrder_Cash_RefundItemWise_SelectRefund -->
  <testcase classname="Pays.posfinaltesting.OpenOderTest" name="OpenOrder_Cash_RefundItemWise_PrintReceipt" time="0.0">
    <skipped/>
  </testcase> <!-- OpenOrder_Cash_RefundItemWise_PrintReceipt -->
  <testcase classname="Pays.posfinaltesting.OpenOderTest" name="OpenOrder_Cash_RefundItemWise_CheckCashLog" time="0.0">
    <skipped/>
  </testcase> <!-- OpenOrder_Cash_RefundItemWise_CheckCashLog -->
  <testcase classname="Pays.posfinaltesting.OpenOderTest" name="OpenOrder_Card_Refund_PrintReceipt" time="0.0">
    <ignored/>
  </testcase> <!-- OpenOrder_Card_Refund_PrintReceipt -->
  <testcase classname="Pays.posfinaltesting.OpenOderTest" name="OpenOrder_Split_FinalWayPayment" time="0.0">
    <ignored/>
  </testcase> <!-- OpenOrder_Split_FinalWayPayment -->
  <testcase classname="Pays.posfinaltesting.OpenOderTest" name="OpenOrder_Split_SelectCash" time="0.0">
    <ignored/>
  </testcase> <!-- OpenOrder_Split_SelectCash -->
  <testcase classname="Pays.posfinaltesting.OpenOderTest" name="OpenOrder_Split_Refund_SelectRefund" time="0.0">
    <ignored/>
  </testcase> <!-- OpenOrder_Split_Refund_SelectRefund -->
  <testcase classname="Pays.posfinaltesting.OpenOderTest" name="OpenOrder_Cash_FullRefund_CheckCashLog" time="0.0">
    <ignored/>
  </testcase> <!-- OpenOrder_Cash_FullRefund_CheckCashLog -->
  <testcase classname="Pays.posfinaltesting.OpenOderTest" name="OpenOrder_Card_FinalWayPayment" time="0.0">
    <ignored/>
  </testcase> <!-- OpenOrder_Card_FinalWayPayment -->
  <testcase classname="Pays.posfinaltesting.OpenOderTest" name="OpenOrder_Cash_FullRefund_PrintReceipt" time="0.0">
    <ignored/>
  </testcase> <!-- OpenOrder_Cash_FullRefund_PrintReceipt -->
  <testcase classname="Pays.posfinaltesting.OpenOderTest" name="OpenOrder_Cash_FullRefund_SelectRefund" time="0.0">
    <ignored/>
  </testcase> <!-- OpenOrder_Cash_FullRefund_SelectRefund -->
  <testcase classname="Pays.posfinaltesting.OpenOderTest" name="OpenOrder_Split_SelectSplit" time="0.0">
    <ignored/>
  </testcase> <!-- OpenOrder_Split_SelectSplit -->
  <testcase classname="Pays.posfinaltesting.OpenOderTest" name="OpenOrder_Split_SelectNextPayment" time="0.0">
    <ignored/>
  </testcase> <!-- OpenOrder_Split_SelectNextPayment -->
  <testcase classname="Pays.posfinaltesting.OpenOderTest" name="OpenOrder_Cash_FullRefund_Payment" time="0.0">
    <ignored/>
  </testcase> <!-- OpenOrder_Cash_FullRefund_Payment -->
  <testcase classname="Pays.posfinaltesting.OpenOderTest" name="OpenOrder_Loyalty_AppliedLoyaltyPoint" time="0.0">
    <ignored/>
  </testcase> <!-- OpenOrder_Loyalty_AppliedLoyaltyPoint -->
  <testcase classname="Pays.posfinaltesting.OpenOderTest" name="OpenOrder_Card_ConnecttoPax" time="0.0">
    <ignored/>
  </testcase> <!-- OpenOrder_Card_ConnecttoPax -->
  <testcase classname="Pays.posfinaltesting.OpenOderTest" name="OpenOrder_Split_Refund_PrintReceipt" time="0.0">
    <ignored/>
  </testcase> <!-- OpenOrder_Split_Refund_PrintReceipt -->
  <testcase classname="Pays.posfinaltesting.OpenOderTest" name="OpenOrder_Card_Refund_SelectRefund" time="0.0">
    <ignored/>
  </testcase> <!-- OpenOrder_Card_Refund_SelectRefund -->
</testsuite> <!--  Cash_ItemwiseRefundPaymentTest -->
