<?xml version="1.0" encoding="UTF-8"?>
<!-- Generated by org.testng.reporters.JUnitXMLReporter -->
<testsuite ignored="14" hostname="Pratik" failures="0" tests="20" name=" CashFull_RefundPaymentTest" time="245.801" errors="0" timestamp="2025-03-21T11:00:24 IST">
  <testcase classname="Pays.posfinaltesting.OpenOderTest" name="OpenOrder_Setup" time="2.113"/>
  <testcase classname="Pays.posfinaltesting.OpenOderTest" name="OpenOrder_SelectOpenOrder" time="10.107"/>
  <testcase classname="Pays.posfinaltesting.OpenOderTest" name="OpenOrder_ItemSelection" time="40.04"/>
  <testcase classname="Pays.posfinaltesting.OpenOderTest" name="OpenOrder_AddManualItems" time="18.889"/>
  <testcase classname="Pays.posfinaltesting.OpenOderTest" name="OpenOrder_UpdateItem" time="8.15"/>
  <testcase classname="Pays.posfinaltesting.OpenOderTest" name="OpenOrder_RemoveItem" time="1.654"/>
  <testcase classname="Pays.posfinaltesting.OpenOderTest" name="OpenOrder_SaveOrder" time="1.074"/>
  <testcase classname="Pays.posfinaltesting.OpenOderTest" name="OpenOrder_CheckOrderType" time="8.499"/>
  <testcase classname="Pays.posfinaltesting.OpenOderTest" name="OpenOrder_UpdateOrder" time="3.349"/>
  <testcase classname="Pays.posfinaltesting.OpenOderTest" name="OpenOrder_AddOrderNote" time="4.446"/>
  <testcase classname="Pays.posfinaltesting.OpenOderTest" name="OpenOrder_AddDiscount" time="5.913"/>
  <testcase classname="Pays.posfinaltesting.OpenOderTest" name="OpenOrder_ChangeOrderType" time="6.11"/>
  <testcase classname="Pays.posfinaltesting.OpenOderTest" name="OpenOrder_AddCustomer" time="43.775"/>
  <testcase classname="Pays.posfinaltesting.OpenOderTest" name="OpenOrder_Loyalty_AppliedLoyaltyPoint" time="5.169"/>
  <testcase classname="Pays.posfinaltesting.OpenOderTest" name="OpenOrder_Transaction" time="0.835"/>
  <testcase classname="Pays.posfinaltesting.OpenOderTest" name="OpenOrder_Tip_AddTip" time="6.0"/>
  <testcase classname="Pays.posfinaltesting.OpenOderTest" name="OpenOrder_Cash_FullRefund_Payment" time="9.779"/>
  <testcase classname="Pays.posfinaltesting.OpenOderTest" name="OpenOrder_Cash_FullRefund_SelectRefund" time="24.106"/>
  <testcase classname="Pays.posfinaltesting.OpenOderTest" name="OpenOrder_Cash_FullRefund_PrintReceipt" time="2.217"/>
  <testcase classname="Pays.posfinaltesting.OpenOderTest" name="OpenOrder_Cash_FullRefund_CheckCashLog" time="5.86"/>
  <testcase classname="Pays.posfinaltesting.OpenOderTest" name="OpenOrder_Card_Refund_PrintReceipt" time="0.0">
    <ignored/>
  </testcase> <!-- OpenOrder_Card_Refund_PrintReceipt -->
  <testcase classname="Pays.posfinaltesting.OpenOderTest" name="OpenOrder_Cash_RefundItemWise_CheckCashLog" time="0.0">
    <ignored/>
  </testcase> <!-- OpenOrder_Cash_RefundItemWise_CheckCashLog -->
  <testcase classname="Pays.posfinaltesting.OpenOderTest" name="OpenOrder_Cash_RefundItemWise_PrintReceipt" time="0.0">
    <ignored/>
  </testcase> <!-- OpenOrder_Cash_RefundItemWise_PrintReceipt -->
  <testcase classname="Pays.posfinaltesting.OpenOderTest" name="OpenOrder_Cash_RefundItemWise_SelectRefund" time="0.0">
    <ignored/>
  </testcase> <!-- OpenOrder_Cash_RefundItemWise_SelectRefund -->
  <testcase classname="Pays.posfinaltesting.OpenOderTest" name="OpenOrder_Split_Refund_SelectRefund" time="0.0">
    <ignored/>
  </testcase> <!-- OpenOrder_Split_Refund_SelectRefund -->
  <testcase classname="Pays.posfinaltesting.OpenOderTest" name="OpenOrder_Card_FinalWayPayment" time="0.0">
    <ignored/>
  </testcase> <!-- OpenOrder_Card_FinalWayPayment -->
  <testcase classname="Pays.posfinaltesting.OpenOderTest" name="OpenOrder_Split_FinalWayPayment" time="0.0">
    <ignored/>
  </testcase> <!-- OpenOrder_Split_FinalWayPayment -->
  <testcase classname="Pays.posfinaltesting.OpenOderTest" name="OpenOrder_Split_SelectNextPayment" time="0.0">
    <ignored/>
  </testcase> <!-- OpenOrder_Split_SelectNextPayment -->
  <testcase classname="Pays.posfinaltesting.OpenOderTest" name="OpenOrder_Split_SelectSplit" time="0.0">
    <ignored/>
  </testcase> <!-- OpenOrder_Split_SelectSplit -->
  <testcase classname="Pays.posfinaltesting.OpenOderTest" name="OpenOrder_Card_ConnecttoPax" time="0.0">
    <ignored/>
  </testcase> <!-- OpenOrder_Card_ConnecttoPax -->
  <testcase classname="Pays.posfinaltesting.OpenOderTest" name="OpenOrder_Cash_RefundItemWise_Payment" time="0.0">
    <ignored/>
  </testcase> <!-- OpenOrder_Cash_RefundItemWise_Payment -->
  <testcase classname="Pays.posfinaltesting.OpenOderTest" name="OpenOrder_Split_SelectCash" time="0.0">
    <ignored/>
  </testcase> <!-- OpenOrder_Split_SelectCash -->
  <testcase classname="Pays.posfinaltesting.OpenOderTest" name="OpenOrder_Split_Refund_PrintReceipt" time="0.0">
    <ignored/>
  </testcase> <!-- OpenOrder_Split_Refund_PrintReceipt -->
  <testcase classname="Pays.posfinaltesting.OpenOderTest" name="OpenOrder_Card_Refund_SelectRefund" time="0.0">
    <ignored/>
  </testcase> <!-- OpenOrder_Card_Refund_SelectRefund -->
</testsuite> <!--  CashFull_RefundPaymentTest -->
