<?xml version="1.0" encoding="UTF-8"?>
<!-- Generated by org.testng.reporters.JUnitXMLReporter -->
<testsuite ignored="8" hostname="Pratik" failures="1" tests="20" name="Cash_Refund" time="194.702" errors="0" timestamp="2025-03-20T15:34:02 IST">
  <testcase classname="Pays.posfinaltesting.TakeOutTest" name="TakeOut_Setup" time="2.181"/>
  <testcase classname="Pays.posfinaltesting.TakeOutTest" name="TakeOut_SelectTakeout" time="7.768"/>
  <testcase classname="Pays.posfinaltesting.TakeOutTest" name="TakeOut_ItemSelection" time="7.14"/>
  <testcase classname="Pays.posfinaltesting.TakeOutTest" name="TakeOut_AddManualItems" time="15.363"/>
  <testcase classname="Pays.posfinaltesting.TakeOutTest" name="TakeOut_UpdateItem" time="8.187"/>
  <testcase classname="Pays.posfinaltesting.TakeOutTest" name="TakeOut_RemoveItem" time="2.32"/>
  <testcase classname="Pays.posfinaltesting.TakeOutTest" name="TakeOut_SaveOrder" time="0.197"/>
  <testcase classname="Pays.posfinaltesting.TakeOutTest" name="TakeOut_CheckOrderType" time="5.313"/>
  <testcase classname="Pays.posfinaltesting.TakeOutTest" name="Takeout_UpdateOrder" time="2.282"/>
  <testcase classname="Pays.posfinaltesting.TakeOutTest" name="TakeOut_AddOrderNote" time="9.47"/>
  <testcase classname="Pays.posfinaltesting.TakeOutTest" name="TakeOut_AddDiscount" time="11.432"/>
  <testcase classname="Pays.posfinaltesting.TakeOutTest" name="TakeOut_ChangeOrderType" time="8.193"/>
  <testcase classname="Pays.posfinaltesting.TakeOutTest" name="TakeOut_AddCustomer" time="45.959"/>
  <testcase classname="Pays.posfinaltesting.TakeOutTest" name="TakeOut_AppliedLoyaltyPoint" time="8.355"/>
  <testcase classname="Pays.posfinaltesting.TakeOutTest" name="TakeOut_Transaction" time="2.068"/>
  <testcase classname="Pays.posfinaltesting.TakeOutTest" name="TakeOut_AddTip" time="5.721"/>
  <testcase classname="Pays.posfinaltesting.TakeOutTest" name="TakeOut_Cash_FullRefund_Payment" time="7.835"/>
  <testcase classname="Pays.posfinaltesting.TakeOutTest" name="TakeOut_Cash_FullRefund_SelectRefund" time="8.853">
    <failure type="java.lang.AssertionError" message="Cash Refund failed expected [true] but found [false]">
      <![CDATA[java.lang.AssertionError: Cash Refund failed expected [true] but found [false]
at Pays.posfinaltesting.TakeOutTest.TakeOut_Cash_FullRefund_SelectRefund(TakeOutTest.java:326)
at java.base/java.util.ArrayList.forEach(ArrayList.java:1596)
... Removed 28 stack frames]]>
    </failure>
  </testcase> <!-- TakeOut_Cash_FullRefund_SelectRefund -->
  <testcase classname="Pays.posfinaltesting.TakeOutTest" name="TakeOut_Cash_FullRefund_PrintReceipt" time="0.0">
    <skipped/>
  </testcase> <!-- TakeOut_Cash_FullRefund_PrintReceipt -->
  <testcase classname="Pays.posfinaltesting.TakeOutTest" name="TakeOut_Cash_FullRefund_CheckCashLog" time="0.0">
    <skipped/>
  </testcase> <!-- TakeOut_Cash_FullRefund_CheckCashLog -->
  <testcase classname="Pays.posfinaltesting.TakeOutTest" name="TakeOut_Card_ConnecttoPax" time="0.0">
    <ignored/>
  </testcase> <!-- TakeOut_Card_ConnecttoPax -->
  <testcase classname="Pays.posfinaltesting.TakeOutTest" name="TakeOut_Card_FinalWayPayment" time="0.0">
    <ignored/>
  </testcase> <!-- TakeOut_Card_FinalWayPayment -->
  <testcase classname="Pays.posfinaltesting.TakeOutTest" name="TakeOut_Cash_RefundItemWise_PrintReceipt" time="0.0">
    <ignored/>
  </testcase> <!-- TakeOut_Cash_RefundItemWise_PrintReceipt -->
  <testcase classname="Pays.posfinaltesting.TakeOutTest" name="TakeOut_Cash_RefundItemWise_Payment" time="0.0">
    <ignored/>
  </testcase> <!-- TakeOut_Cash_RefundItemWise_Payment -->
  <testcase classname="Pays.posfinaltesting.TakeOutTest" name="TakeOut_Card_Refund_PrintReceipt" time="0.0">
    <ignored/>
  </testcase> <!-- TakeOut_Card_Refund_PrintReceipt -->
  <testcase classname="Pays.posfinaltesting.TakeOutTest" name="TakeOut_Card_Refund_SelectRefund" time="0.0">
    <ignored/>
  </testcase> <!-- TakeOut_Card_Refund_SelectRefund -->
  <testcase classname="Pays.posfinaltesting.TakeOutTest" name="TakeOut_Cash_RefundItemWise_CheckCashLog" time="0.0">
    <ignored/>
  </testcase> <!-- TakeOut_Cash_RefundItemWise_CheckCashLog -->
  <testcase classname="Pays.posfinaltesting.TakeOutTest" name="TakeOut_Cash_RefundItemWise_SelectRefund" time="0.0">
    <ignored/>
  </testcase> <!-- TakeOut_Cash_RefundItemWise_SelectRefund -->
</testsuite> <!-- Cash_Refund -->
