<?xml version="1.0" encoding="UTF-8"?>
<!-- Generated by org.testng.reporters.JUnitXMLReporter -->
<testsuite ignored="14" hostname="Pratik" failures="0" tests="20" name="Split PaymentTest" time="232.117" errors="0" timestamp="2025-03-21T10:56:18 IST">
  <testcase classname="Pays.posfinaltesting.OpenOderTest" name="OpenOrder_Setup" time="2.284"/>
  <testcase classname="Pays.posfinaltesting.OpenOderTest" name="OpenOrder_SelectOpenOrder" time="10.455"/>
  <testcase classname="Pays.posfinaltesting.OpenOderTest" name="OpenOrder_ItemSelection" time="33.897"/>
  <testcase classname="Pays.posfinaltesting.OpenOderTest" name="OpenOrder_AddManualItems" time="18.976"/>
  <testcase classname="Pays.posfinaltesting.OpenOderTest" name="OpenOrder_UpdateItem" time="6.261"/>
  <testcase classname="Pays.posfinaltesting.OpenOderTest" name="OpenOrder_RemoveItem" time="1.622"/>
  <testcase classname="Pays.posfinaltesting.OpenOderTest" name="OpenOrder_SaveOrder" time="1.166"/>
  <testcase classname="Pays.posfinaltesting.OpenOderTest" name="OpenOrder_CheckOrderType" time="8.609"/>
  <testcase classname="Pays.posfinaltesting.OpenOderTest" name="OpenOrder_UpdateOrder" time="3.51"/>
  <testcase classname="Pays.posfinaltesting.OpenOderTest" name="OpenOrder_AddOrderNote" time="4.991"/>
  <testcase classname="Pays.posfinaltesting.OpenOderTest" name="OpenOrder_AddDiscount" time="6.998"/>
  <testcase classname="Pays.posfinaltesting.OpenOderTest" name="OpenOrder_ChangeOrderType" time="5.617"/>
  <testcase classname="Pays.posfinaltesting.OpenOderTest" name="OpenOrder_AddCustomer" time="42.94"/>
  <testcase classname="Pays.posfinaltesting.OpenOderTest" name="OpenOrder_Transaction" time="2.467"/>
  <testcase classname="Pays.posfinaltesting.OpenOderTest" name="OpenOrder_Split_SelectSplit" time="5.168"/>
  <testcase classname="Pays.posfinaltesting.OpenOderTest" name="OpenOrder_Split_SelectCash" time="0.138"/>
  <testcase classname="Pays.posfinaltesting.OpenOderTest" name="OpenOrder_Split_SelectNextPayment" time="4.166"/>
  <testcase classname="Pays.posfinaltesting.OpenOderTest" name="OpenOrder_Split_FinalWayPayment" time="11.699"/>
  <testcase classname="Pays.posfinaltesting.OpenOderTest" name="OpenOrder_Split_Refund_SelectRefund" time="18.263"/>
  <testcase classname="Pays.posfinaltesting.OpenOderTest" name="OpenOrder_Split_Refund_PrintReceipt" time="1.496"/>
  <testcase classname="Pays.posfinaltesting.OpenOderTest" name="OpenOrder_Cash_FullRefund_SelectRefund" time="0.0">
    <ignored/>
  </testcase> <!-- OpenOrder_Cash_FullRefund_SelectRefund -->
  <testcase classname="Pays.posfinaltesting.OpenOderTest" name="OpenOrder_Cash_FullRefund_PrintReceipt" time="0.0">
    <ignored/>
  </testcase> <!-- OpenOrder_Cash_FullRefund_PrintReceipt -->
  <testcase classname="Pays.posfinaltesting.OpenOderTest" name="OpenOrder_Cash_FullRefund_Payment" time="0.0">
    <ignored/>
  </testcase> <!-- OpenOrder_Cash_FullRefund_Payment -->
  <testcase classname="Pays.posfinaltesting.OpenOderTest" name="OpenOrder_Loyalty_AppliedLoyaltyPoint" time="0.0">
    <ignored/>
  </testcase> <!-- OpenOrder_Loyalty_AppliedLoyaltyPoint -->
  <testcase classname="Pays.posfinaltesting.OpenOderTest" name="OpenOrder_Cash_FullRefund_CheckCashLog" time="0.0">
    <ignored/>
  </testcase> <!-- OpenOrder_Cash_FullRefund_CheckCashLog -->
  <testcase classname="Pays.posfinaltesting.OpenOderTest" name="OpenOrder_Cash_RefundItemWise_Payment" time="0.0">
    <ignored/>
  </testcase> <!-- OpenOrder_Cash_RefundItemWise_Payment -->
  <testcase classname="Pays.posfinaltesting.OpenOderTest" name="OpenOrder_Card_ConnecttoPax" time="0.0">
    <ignored/>
  </testcase> <!-- OpenOrder_Card_ConnecttoPax -->
  <testcase classname="Pays.posfinaltesting.OpenOderTest" name="OpenOrder_Card_Refund_SelectRefund" time="0.0">
    <ignored/>
  </testcase> <!-- OpenOrder_Card_Refund_SelectRefund -->
  <testcase classname="Pays.posfinaltesting.OpenOderTest" name="OpenOrder_Card_Refund_PrintReceipt" time="0.0">
    <ignored/>
  </testcase> <!-- OpenOrder_Card_Refund_PrintReceipt -->
  <testcase classname="Pays.posfinaltesting.OpenOderTest" name="OpenOrder_Cash_RefundItemWise_SelectRefund" time="0.0">
    <ignored/>
  </testcase> <!-- OpenOrder_Cash_RefundItemWise_SelectRefund -->
  <testcase classname="Pays.posfinaltesting.OpenOderTest" name="OpenOrder_Cash_RefundItemWise_CheckCashLog" time="0.0">
    <ignored/>
  </testcase> <!-- OpenOrder_Cash_RefundItemWise_CheckCashLog -->
  <testcase classname="Pays.posfinaltesting.OpenOderTest" name="OpenOrder_Cash_RefundItemWise_PrintReceipt" time="0.0">
    <ignored/>
  </testcase> <!-- OpenOrder_Cash_RefundItemWise_PrintReceipt -->
  <testcase classname="Pays.posfinaltesting.OpenOderTest" name="OpenOrder_Card_FinalWayPayment" time="0.0">
    <ignored/>
  </testcase> <!-- OpenOrder_Card_FinalWayPayment -->
  <testcase classname="Pays.posfinaltesting.OpenOderTest" name="OpenOrder_Tip_AddTip" time="0.0">
    <ignored/>
  </testcase> <!-- OpenOrder_Tip_AddTip -->
</testsuite> <!-- Split PaymentTest -->
