<?xml version="1.0" encoding="UTF-8"?>
<!-- Generated by org.testng.reporters.JUnitXMLReporter -->
<testsuite ignored="9" hostname="Pratik" failures="0" tests="19" name="TakeOut_Card_Refund" time="0.465" errors="0" timestamp="2025-03-20T21:33:58 IST">
  <testcase classname="Pays.posfinaltesting.TakeOutTest" name="TakeOut_Setup" time="0.0">
    <skipped/>
  </testcase> <!-- TakeOut_Setup -->
  <testcase classname="Pays.posfinaltesting.TakeOutTest" name="TakeOut_SelectTakeout" time="0.0">
    <skipped/>
  </testcase> <!-- TakeOut_SelectTakeout -->
  <testcase classname="Pays.posfinaltesting.TakeOutTest" name="TakeOut_ItemSelection" time="0.001">
    <skipped/>
  </testcase> <!-- TakeOut_ItemSelection -->
  <testcase classname="Pays.posfinaltesting.TakeOutTest" name="TakeOut_AddManualItems" time="0.0">
    <skipped/>
  </testcase> <!-- TakeOut_AddManualItems -->
  <testcase classname="Pays.posfinaltesting.TakeOutTest" name="TakeOut_UpdateItem" time="0.0">
    <skipped/>
  </testcase> <!-- TakeOut_UpdateItem -->
  <testcase classname="Pays.posfinaltesting.TakeOutTest" name="TakeOut_RemoveItem" time="0.0">
    <skipped/>
  </testcase> <!-- TakeOut_RemoveItem -->
  <testcase classname="Pays.posfinaltesting.TakeOutTest" name="TakeOut_SaveOrder" time="0.0">
    <skipped/>
  </testcase> <!-- TakeOut_SaveOrder -->
  <testcase classname="Pays.posfinaltesting.TakeOutTest" name="TakeOut_CheckOrderType" time="0.0">
    <skipped/>
  </testcase> <!-- TakeOut_CheckOrderType -->
  <testcase classname="Pays.posfinaltesting.TakeOutTest" name="Takeout_UpdateOrder" time="0.0">
    <skipped/>
  </testcase> <!-- Takeout_UpdateOrder -->
  <testcase classname="Pays.posfinaltesting.TakeOutTest" name="TakeOut_AddOrderNote" time="0.0">
    <skipped/>
  </testcase> <!-- TakeOut_AddOrderNote -->
  <testcase classname="Pays.posfinaltesting.TakeOutTest" name="TakeOut_AddDiscount" time="0.0">
    <skipped/>
  </testcase> <!-- TakeOut_AddDiscount -->
  <testcase classname="Pays.posfinaltesting.TakeOutTest" name="TakeOut_ChangeOrderType" time="0.0">
    <skipped/>
  </testcase> <!-- TakeOut_ChangeOrderType -->
  <testcase classname="Pays.posfinaltesting.TakeOutTest" name="TakeOut_AddCustomer" time="0.0">
    <skipped/>
  </testcase> <!-- TakeOut_AddCustomer -->
  <testcase classname="Pays.posfinaltesting.TakeOutTest" name="TakeOut_AppliedLoyaltyPoint" time="0.0">
    <skipped/>
  </testcase> <!-- TakeOut_AppliedLoyaltyPoint -->
  <testcase classname="Pays.posfinaltesting.TakeOutTest" name="TakeOut_Transaction" time="0.0">
    <skipped/>
  </testcase> <!-- TakeOut_Transaction -->
  <testcase classname="Pays.posfinaltesting.TakeOutTest" name="TakeOut_AddTip" time="0.0">
    <skipped/>
  </testcase> <!-- TakeOut_AddTip -->
  <testcase classname="Pays.posfinaltesting.TakeOutTest" name="TakeOut_Card_FinalWayPayment" time="0.0">
    <skipped/>
  </testcase> <!-- TakeOut_Card_FinalWayPayment -->
  <testcase classname="Pays.posfinaltesting.TakeOutTest" name="TakeOut_Card_Refund_SelectRefund" time="0.0">
    <skipped/>
  </testcase> <!-- TakeOut_Card_Refund_SelectRefund -->
  <testcase classname="Pays.posfinaltesting.TakeOutTest" name="TakeOut_Card_Refund_PrintReceipt" time="0.0">
    <skipped/>
  </testcase> <!-- TakeOut_Card_Refund_PrintReceipt -->
  <testcase classname="Pays.posfinaltesting.TakeOutTest" name="TakeOut_Cash_FullRefund_CheckCashLog" time="0.0">
    <ignored/>
  </testcase> <!-- TakeOut_Cash_FullRefund_CheckCashLog -->
  <testcase classname="Pays.posfinaltesting.TakeOutTest" name="TakeOut_Cash_RefundItemWise_PrintReceipt" time="0.0">
    <ignored/>
  </testcase> <!-- TakeOut_Cash_RefundItemWise_PrintReceipt -->
  <testcase classname="Pays.posfinaltesting.TakeOutTest" name="TakeOut_Cash_RefundItemWise_Payment" time="0.0">
    <ignored/>
  </testcase> <!-- TakeOut_Cash_RefundItemWise_Payment -->
  <testcase classname="Pays.posfinaltesting.TakeOutTest" name="TakeOut_Cash_FullRefund_PrintReceipt" time="0.0">
    <ignored/>
  </testcase> <!-- TakeOut_Cash_FullRefund_PrintReceipt -->
  <testcase classname="Pays.posfinaltesting.TakeOutTest" name="TakeOut_Card_ConnecttoPax" time="0.0">
    <ignored/>
  </testcase> <!-- TakeOut_Card_ConnecttoPax -->
  <testcase classname="Pays.posfinaltesting.TakeOutTest" name="TakeOut_Cash_FullRefund_SelectRefund" time="0.0">
    <ignored/>
  </testcase> <!-- TakeOut_Cash_FullRefund_SelectRefund -->
  <testcase classname="Pays.posfinaltesting.TakeOutTest" name="TakeOut_Cash_FullRefund_Payment" time="0.0">
    <ignored/>
  </testcase> <!-- TakeOut_Cash_FullRefund_Payment -->
  <testcase classname="Pays.posfinaltesting.TakeOutTest" name="TakeOut_Cash_RefundItemWise_CheckCashLog" time="0.0">
    <ignored/>
  </testcase> <!-- TakeOut_Cash_RefundItemWise_CheckCashLog -->
  <testcase classname="Pays.posfinaltesting.TakeOutTest" name="TakeOut_Cash_RefundItemWise_SelectRefund" time="0.0">
    <ignored/>
  </testcase> <!-- TakeOut_Cash_RefundItemWise_SelectRefund -->
</testsuite> <!-- TakeOut_Card_Refund -->
