<?xml version="1.0" encoding="UTF-8"?>
<!-- Generated by org.testng.reporters.JUnitXMLReporter -->
<testsuite ignored="0" hostname="Pratik" failures="1" tests="5" name="Test2" time="46.539" errors="0" timestamp="2025-03-16T13:00:38 IST">
  <testcase classname="Pays.posfinaltesting.PrinterTest" name="InnerPrinter" time="29.176"/>
  <testcase classname="Pays.posfinaltesting.PrinterTest" name="Check_InnerPrinter" time="0.008">
    <failure type="java.lang.Error" message="Unresolved compilation problem: 
	Unhandled exception type InterruptedException
">
      <![CDATA[java.lang.Error: Unresolved compilation problem: 
Unhandled exception type InterruptedException

at Pays.posfinaltesting.PrinterTest.Check_InnerPrinter(PrinterTest.java:47)
at java.base/java.util.ArrayList.forEach(ArrayList.java:1596)
... Removed 25 stack frames]]>
    </failure>
  </testcase> <!-- Check_InnerPrinter -->
  <testcase classname="Pays.posfinaltesting.PrinterTest" name="ClickonEdit" time="0.0">
    <skipped/>
  </testcase> <!-- ClickonEdit -->
  <testcase classname="Pays.posfinaltesting.PrinterTest" name="ChangePrinterUse" time="0.0">
    <skipped/>
  </testcase> <!-- ChangePrinterUse -->
  <testcase classname="Pays.posfinaltesting.PrinterTest" name="CheckKitchenPrinter" time="0.0">
    <skipped/>
  </testcase> <!-- CheckKitchenPrinter -->
</testsuite> <!-- Test2 -->
