<?xml version="1.0" encoding="UTF-8"?>
<!-- Generated by org.testng.reporters.JUnitXMLReporter -->
<testsuite ignored="0" hostname="Pratik" failures="0" tests="20" name="Test" time="199.368" errors="0" timestamp="2025-04-03T19:28:13 IST">
  <testcase classname="Pays.posfinaltesting.CategoriesandItemsTest" name="Login" time="14.403"/>
  <testcase classname="Pays.posfinaltesting.CategoriesandItemsTest" name="Categories_Select_Categories" time="11.37"/>
  <testcase classname="Pays.posfinaltesting.CategoriesandItemsTest" name="Categories_CreateCategoriesClick" time="1.063"/>
  <testcase classname="Pays.posfinaltesting.CategoriesandItemsTest" name="Categories_SetCategoryname" time="1.386"/>
  <testcase classname="Pays.posfinaltesting.CategoriesandItemsTest" name="Categories_SaveCategory" time="4.373"/>
  <testcase classname="Pays.posfinaltesting.CategoriesandItemsTest" name="Categories_CheckIfCategoryIsAdded" time="8.447"/>
  <testcase classname="Pays.posfinaltesting.CategoriesandItemsTest" name="Modifiers_ClickModifiers" time="0.2"/>
  <testcase classname="Pays.posfinaltesting.CategoriesandItemsTest" name="Modifiers_ClickCreate" time="0.955"/>
  <testcase classname="Pays.posfinaltesting.CategoriesandItemsTest" name="Modifiers_SetModifiersInfo" time="10.699"/>
  <testcase classname="Pays.posfinaltesting.CategoriesandItemsTest" name="Items_AddItems" time="1.191"/>
  <testcase classname="Pays.posfinaltesting.CategoriesandItemsTest" name="Items_SetItem" time="32.101"/>
  <testcase classname="Pays.posfinaltesting.CategoriesandItemsTest" name="Items_Home" time="5.818"/>
  <testcase classname="Pays.posfinaltesting.CategoriesandItemsTest" name="Items_SelectPay" time="3.79"/>
  <testcase classname="Pays.posfinaltesting.CategoriesandItemsTest" name="Items_Transaction" time="28.197"/>
  <testcase classname="Pays.posfinaltesting.CategoriesandItemsTest" name="DeleteCategory_Select_Categories" time="12.334"/>
  <testcase classname="Pays.posfinaltesting.CategoriesandItemsTest" name="DeleteCategory_DeleteCategory" time="5.643"/>
  <testcase classname="Pays.posfinaltesting.CategoriesandItemsTest" name="DeleteItem_ClickItem" time="0.168"/>
  <testcase classname="Pays.posfinaltesting.CategoriesandItemsTest" name="DeleteItem_DeleteItems" time="38.8"/>
  <testcase classname="Pays.posfinaltesting.CategoriesandItemsTest" name="DeleteModifiers_ClickModifiers" time="0.238"/>
  <testcase classname="Pays.posfinaltesting.CategoriesandItemsTest" name="DeleteModifier_SelectModifier" time="4.357"/>
</testsuite> <!-- Test -->
