<?xml version="1.0" encoding="UTF-8"?>
<testng-results ignored="0" total="20" passed="20" failed="0" skipped="0">
  <reporter-output>
  </reporter-output>
  <suite started-at="2025-04-03T19:24:53 IST" name="Suite" finished-at="2025-04-03T19:28:13 IST" duration-ms="199368">
    <groups>
      <group name="categories">
        <method signature="CategoriesandItemsTest.Categories_Select_Categories()[pri:0, instance:Pays.posfinaltesting.CategoriesandItemsTest@363042d7]" name="Categories_Select_Categories" class="Pays.posfinaltesting.CategoriesandItemsTest"/>
        <method signature="CategoriesandItemsTest.Categories_CreateCategoriesClick()[pri:0, instance:Pays.posfinaltesting.CategoriesandItemsTest@363042d7]" name="Categories_CreateCategoriesClick" class="Pays.posfinaltesting.CategoriesandItemsTest"/>
        <method signature="CategoriesandItemsTest.Categories_SetCategoryname()[pri:0, instance:Pays.posfinaltesting.CategoriesandItemsTest@363042d7]" name="Categories_SetCategoryname" class="Pays.posfinaltesting.CategoriesandItemsTest"/>
        <method signature="CategoriesandItemsTest.Categories_SaveCategory()[pri:0, instance:Pays.posfinaltesting.CategoriesandItemsTest@363042d7]" name="Categories_SaveCategory" class="Pays.posfinaltesting.CategoriesandItemsTest"/>
        <method signature="CategoriesandItemsTest.Categories_CheckIfCategoryIsAdded()[pri:0, instance:Pays.posfinaltesting.CategoriesandItemsTest@363042d7]" name="Categories_CheckIfCategoryIsAdded" class="Pays.posfinaltesting.CategoriesandItemsTest"/>
      </group> <!-- categories -->
      <group name="login">
        <method signature="CategoriesandItemsTest.Login()[pri:0, instance:Pays.posfinaltesting.CategoriesandItemsTest@363042d7]" name="Login" class="Pays.posfinaltesting.CategoriesandItemsTest"/>
      </group> <!-- login -->
      <group name="items">
        <method signature="CategoriesandItemsTest.Items_AddItems()[pri:0, instance:Pays.posfinaltesting.CategoriesandItemsTest@363042d7]" name="Items_AddItems" class="Pays.posfinaltesting.CategoriesandItemsTest"/>
        <method signature="CategoriesandItemsTest.Items_SetItem()[pri:0, instance:Pays.posfinaltesting.CategoriesandItemsTest@363042d7]" name="Items_SetItem" class="Pays.posfinaltesting.CategoriesandItemsTest"/>
        <method signature="CategoriesandItemsTest.Items_Home()[pri:0, instance:Pays.posfinaltesting.CategoriesandItemsTest@363042d7]" name="Items_Home" class="Pays.posfinaltesting.CategoriesandItemsTest"/>
        <method signature="CategoriesandItemsTest.Items_SelectPay()[pri:0, instance:Pays.posfinaltesting.CategoriesandItemsTest@363042d7]" name="Items_SelectPay" class="Pays.posfinaltesting.CategoriesandItemsTest"/>
      </group> <!-- items -->
      <group name="transaction">
        <method signature="CategoriesandItemsTest.Items_Transaction()[pri:0, instance:Pays.posfinaltesting.CategoriesandItemsTest@363042d7]" name="Items_Transaction" class="Pays.posfinaltesting.CategoriesandItemsTest"/>
      </group> <!-- transaction -->
    </groups>
    <test started-at="2025-04-03T19:24:53 IST" name="Test" finished-at="2025-04-03T19:28:13 IST" duration-ms="199368">
      <class name="Pays.posfinaltesting.CategoriesandItemsTest">
        <test-method is-config="true" signature="ConfigureAppium()[pri:0, instance:Pays.posfinaltesting.CategoriesandItemsTest@363042d7]" started-at="2025-04-03T19:24:53 IST" name="ConfigureAppium" finished-at="2025-04-03T19:25:04 IST" duration-ms="10656" status="PASS">
          <reporter-output>
          </reporter-output>
        </test-method> <!-- ConfigureAppium -->
        <test-method is-config="true" signature="setup()[pri:0, instance:Pays.posfinaltesting.CategoriesandItemsTest@363042d7]" started-at="2025-04-03T19:25:04 IST" name="setup" finished-at="2025-04-03T19:25:04 IST" duration-ms="417" status="PASS">
          <reporter-output>
          </reporter-output>
        </test-method> <!-- setup -->
        <test-method signature="Login()[pri:0, instance:Pays.posfinaltesting.CategoriesandItemsTest@363042d7]" started-at="2025-04-03T19:25:04 IST" name="Login" finished-at="2025-04-03T19:25:19 IST" duration-ms="14403" status="PASS">
          <reporter-output>
          </reporter-output>
        </test-method> <!-- Login -->
        <test-method is-config="true" signature="tearDown(org.testng.ITestResult)[pri:0, instance:Pays.posfinaltesting.CategoriesandItemsTest@363042d7]" started-at="2025-04-03T19:25:19 IST" name="tearDown" finished-at="2025-04-03T19:25:19 IST" duration-ms="3" status="PASS">
          <params>
            <param index="0">
              <value>
                <![CDATA[[TestResult name=Login status=SUCCESS method=CategoriesandItemsTest.Login()[pri:0, instance:Pays.posfinaltesting.CategoriesandItemsTest@363042d7] output={null}]]]>
              </value>
            </param>
          </params>
          <reporter-output>
          </reporter-output>
        </test-method> <!-- tearDown -->
        <test-method is-config="true" signature="setup()[pri:0, instance:Pays.posfinaltesting.CategoriesandItemsTest@363042d7]" started-at="2025-04-03T19:25:19 IST" name="setup" finished-at="2025-04-03T19:25:19 IST" duration-ms="23" status="PASS">
          <reporter-output>
          </reporter-output>
        </test-method> <!-- setup -->
        <test-method signature="Categories_Select_Categories()[pri:0, instance:Pays.posfinaltesting.CategoriesandItemsTest@363042d7]" started-at="2025-04-03T19:25:19 IST" name="Categories_Select_Categories" finished-at="2025-04-03T19:25:30 IST" depends-on-methods="Pays.posfinaltesting.CategoriesandItemsTest.Login" duration-ms="11370" status="PASS">
          <reporter-output>
          </reporter-output>
        </test-method> <!-- Categories_Select_Categories -->
        <test-method is-config="true" signature="tearDown(org.testng.ITestResult)[pri:0, instance:Pays.posfinaltesting.CategoriesandItemsTest@363042d7]" started-at="2025-04-03T19:25:30 IST" name="tearDown" finished-at="2025-04-03T19:25:30 IST" duration-ms="0" status="PASS">
          <params>
            <param index="0">
              <value>
                <![CDATA[[TestResult name=Categories_Select_Categories status=SUCCESS method=CategoriesandItemsTest.Categories_Select_Categories()[pri:0, instance:Pays.posfinaltesting.CategoriesandItemsTest@363042d7] output={null}]]]>
              </value>
            </param>
          </params>
          <reporter-output>
          </reporter-output>
        </test-method> <!-- tearDown -->
        <test-method is-config="true" signature="setup()[pri:0, instance:Pays.posfinaltesting.CategoriesandItemsTest@363042d7]" started-at="2025-04-03T19:25:30 IST" name="setup" finished-at="2025-04-03T19:25:30 IST" duration-ms="29" status="PASS">
          <reporter-output>
          </reporter-output>
        </test-method> <!-- setup -->
        <test-method signature="Categories_CreateCategoriesClick()[pri:0, instance:Pays.posfinaltesting.CategoriesandItemsTest@363042d7]" started-at="2025-04-03T19:25:30 IST" name="Categories_CreateCategoriesClick" finished-at="2025-04-03T19:25:31 IST" depends-on-methods="Pays.posfinaltesting.CategoriesandItemsTest.Categories_Select_Categories" duration-ms="1063" status="PASS">
          <reporter-output>
          </reporter-output>
        </test-method> <!-- Categories_CreateCategoriesClick -->
        <test-method is-config="true" signature="tearDown(org.testng.ITestResult)[pri:0, instance:Pays.posfinaltesting.CategoriesandItemsTest@363042d7]" started-at="2025-04-03T19:25:31 IST" name="tearDown" finished-at="2025-04-03T19:25:31 IST" duration-ms="1" status="PASS">
          <params>
            <param index="0">
              <value>
                <![CDATA[[TestResult name=Categories_CreateCategoriesClick status=SUCCESS method=CategoriesandItemsTest.Categories_CreateCategoriesClick()[pri:0, instance:Pays.posfinaltesting.CategoriesandItemsTest@363042d7] output={null}]]]>
              </value>
            </param>
          </params>
          <reporter-output>
          </reporter-output>
        </test-method> <!-- tearDown -->
        <test-method is-config="true" signature="setup()[pri:0, instance:Pays.posfinaltesting.CategoriesandItemsTest@363042d7]" started-at="2025-04-03T19:25:31 IST" name="setup" finished-at="2025-04-03T19:25:31 IST" duration-ms="23" status="PASS">
          <reporter-output>
          </reporter-output>
        </test-method> <!-- setup -->
        <test-method signature="Categories_SetCategoryname()[pri:0, instance:Pays.posfinaltesting.CategoriesandItemsTest@363042d7]" started-at="2025-04-03T19:25:31 IST" name="Categories_SetCategoryname" finished-at="2025-04-03T19:25:33 IST" depends-on-methods="Pays.posfinaltesting.CategoriesandItemsTest.Categories_CreateCategoriesClick" duration-ms="1386" status="PASS">
          <reporter-output>
          </reporter-output>
        </test-method> <!-- Categories_SetCategoryname -->
        <test-method is-config="true" signature="tearDown(org.testng.ITestResult)[pri:0, instance:Pays.posfinaltesting.CategoriesandItemsTest@363042d7]" started-at="2025-04-03T19:25:33 IST" name="tearDown" finished-at="2025-04-03T19:25:33 IST" duration-ms="2" status="PASS">
          <params>
            <param index="0">
              <value>
                <![CDATA[[TestResult name=Categories_SetCategoryname status=SUCCESS method=CategoriesandItemsTest.Categories_SetCategoryname()[pri:0, instance:Pays.posfinaltesting.CategoriesandItemsTest@363042d7] output={null}]]]>
              </value>
            </param>
          </params>
          <reporter-output>
          </reporter-output>
        </test-method> <!-- tearDown -->
        <test-method is-config="true" signature="setup()[pri:0, instance:Pays.posfinaltesting.CategoriesandItemsTest@363042d7]" started-at="2025-04-03T19:25:33 IST" name="setup" finished-at="2025-04-03T19:25:33 IST" duration-ms="31" status="PASS">
          <reporter-output>
          </reporter-output>
        </test-method> <!-- setup -->
        <test-method signature="Categories_SaveCategory()[pri:0, instance:Pays.posfinaltesting.CategoriesandItemsTest@363042d7]" started-at="2025-04-03T19:25:33 IST" name="Categories_SaveCategory" finished-at="2025-04-03T19:25:37 IST" depends-on-methods="Pays.posfinaltesting.CategoriesandItemsTest.Categories_SetCategoryname" duration-ms="4373" status="PASS">
          <reporter-output>
          </reporter-output>
        </test-method> <!-- Categories_SaveCategory -->
        <test-method is-config="true" signature="tearDown(org.testng.ITestResult)[pri:0, instance:Pays.posfinaltesting.CategoriesandItemsTest@363042d7]" started-at="2025-04-03T19:25:37 IST" name="tearDown" finished-at="2025-04-03T19:25:37 IST" duration-ms="1" status="PASS">
          <params>
            <param index="0">
              <value>
                <![CDATA[[TestResult name=Categories_SaveCategory status=SUCCESS method=CategoriesandItemsTest.Categories_SaveCategory()[pri:0, instance:Pays.posfinaltesting.CategoriesandItemsTest@363042d7] output={null}]]]>
              </value>
            </param>
          </params>
          <reporter-output>
          </reporter-output>
        </test-method> <!-- tearDown -->
        <test-method is-config="true" signature="setup()[pri:0, instance:Pays.posfinaltesting.CategoriesandItemsTest@363042d7]" started-at="2025-04-03T19:25:37 IST" name="setup" finished-at="2025-04-03T19:25:37 IST" duration-ms="27" status="PASS">
          <reporter-output>
          </reporter-output>
        </test-method> <!-- setup -->
        <test-method signature="Categories_CheckIfCategoryIsAdded()[pri:0, instance:Pays.posfinaltesting.CategoriesandItemsTest@363042d7]" started-at="2025-04-03T19:25:37 IST" name="Categories_CheckIfCategoryIsAdded" finished-at="2025-04-03T19:25:46 IST" depends-on-methods="Pays.posfinaltesting.CategoriesandItemsTest.Categories_SaveCategory" duration-ms="8447" status="PASS">
          <reporter-output>
          </reporter-output>
        </test-method> <!-- Categories_CheckIfCategoryIsAdded -->
        <test-method is-config="true" signature="tearDown(org.testng.ITestResult)[pri:0, instance:Pays.posfinaltesting.CategoriesandItemsTest@363042d7]" started-at="2025-04-03T19:25:46 IST" name="tearDown" finished-at="2025-04-03T19:25:46 IST" duration-ms="0" status="PASS">
          <params>
            <param index="0">
              <value>
                <![CDATA[[TestResult name=Categories_CheckIfCategoryIsAdded status=SUCCESS method=CategoriesandItemsTest.Categories_CheckIfCategoryIsAdded()[pri:0, instance:Pays.posfinaltesting.CategoriesandItemsTest@363042d7] output={null}]]]>
              </value>
            </param>
          </params>
          <reporter-output>
          </reporter-output>
        </test-method> <!-- tearDown -->
        <test-method is-config="true" signature="setup()[pri:0, instance:Pays.posfinaltesting.CategoriesandItemsTest@363042d7]" started-at="2025-04-03T19:25:46 IST" name="setup" finished-at="2025-04-03T19:25:46 IST" duration-ms="21" status="PASS">
          <reporter-output>
          </reporter-output>
        </test-method> <!-- setup -->
        <test-method signature="Modifiers_ClickModifiers()[pri:0, instance:Pays.posfinaltesting.CategoriesandItemsTest@363042d7]" started-at="2025-04-03T19:25:46 IST" name="Modifiers_ClickModifiers" finished-at="2025-04-03T19:25:46 IST" depends-on-methods="Pays.posfinaltesting.CategoriesandItemsTest.Categories_CheckIfCategoryIsAdded" duration-ms="200" status="PASS">
          <reporter-output>
          </reporter-output>
        </test-method> <!-- Modifiers_ClickModifiers -->
        <test-method is-config="true" signature="tearDown(org.testng.ITestResult)[pri:0, instance:Pays.posfinaltesting.CategoriesandItemsTest@363042d7]" started-at="2025-04-03T19:25:46 IST" name="tearDown" finished-at="2025-04-03T19:25:46 IST" duration-ms="2" status="PASS">
          <params>
            <param index="0">
              <value>
                <![CDATA[[TestResult name=Modifiers_ClickModifiers status=SUCCESS method=CategoriesandItemsTest.Modifiers_ClickModifiers()[pri:0, instance:Pays.posfinaltesting.CategoriesandItemsTest@363042d7] output={null}]]]>
              </value>
            </param>
          </params>
          <reporter-output>
          </reporter-output>
        </test-method> <!-- tearDown -->
        <test-method is-config="true" signature="setup()[pri:0, instance:Pays.posfinaltesting.CategoriesandItemsTest@363042d7]" started-at="2025-04-03T19:25:46 IST" name="setup" finished-at="2025-04-03T19:25:46 IST" duration-ms="20" status="PASS">
          <reporter-output>
          </reporter-output>
        </test-method> <!-- setup -->
        <test-method signature="Modifiers_ClickCreate()[pri:0, instance:Pays.posfinaltesting.CategoriesandItemsTest@363042d7]" started-at="2025-04-03T19:25:46 IST" name="Modifiers_ClickCreate" finished-at="2025-04-03T19:25:47 IST" depends-on-methods="Pays.posfinaltesting.CategoriesandItemsTest.Modifiers_ClickModifiers" duration-ms="955" status="PASS">
          <reporter-output>
          </reporter-output>
        </test-method> <!-- Modifiers_ClickCreate -->
        <test-method is-config="true" signature="tearDown(org.testng.ITestResult)[pri:0, instance:Pays.posfinaltesting.CategoriesandItemsTest@363042d7]" started-at="2025-04-03T19:25:47 IST" name="tearDown" finished-at="2025-04-03T19:25:47 IST" duration-ms="0" status="PASS">
          <params>
            <param index="0">
              <value>
                <![CDATA[[TestResult name=Modifiers_ClickCreate status=SUCCESS method=CategoriesandItemsTest.Modifiers_ClickCreate()[pri:0, instance:Pays.posfinaltesting.CategoriesandItemsTest@363042d7] output={null}]]]>
              </value>
            </param>
          </params>
          <reporter-output>
          </reporter-output>
        </test-method> <!-- tearDown -->
        <test-method is-config="true" signature="setup()[pri:0, instance:Pays.posfinaltesting.CategoriesandItemsTest@363042d7]" started-at="2025-04-03T19:25:47 IST" name="setup" finished-at="2025-04-03T19:25:47 IST" duration-ms="61" status="PASS">
          <reporter-output>
          </reporter-output>
        </test-method> <!-- setup -->
        <test-method signature="Modifiers_SetModifiersInfo()[pri:0, instance:Pays.posfinaltesting.CategoriesandItemsTest@363042d7]" started-at="2025-04-03T19:25:47 IST" name="Modifiers_SetModifiersInfo" finished-at="2025-04-03T19:25:58 IST" depends-on-methods="Pays.posfinaltesting.CategoriesandItemsTest.Modifiers_ClickCreate" duration-ms="10699" status="PASS">
          <reporter-output>
          </reporter-output>
        </test-method> <!-- Modifiers_SetModifiersInfo -->
        <test-method is-config="true" signature="tearDown(org.testng.ITestResult)[pri:0, instance:Pays.posfinaltesting.CategoriesandItemsTest@363042d7]" started-at="2025-04-03T19:25:58 IST" name="tearDown" finished-at="2025-04-03T19:25:58 IST" duration-ms="1" status="PASS">
          <params>
            <param index="0">
              <value>
                <![CDATA[[TestResult name=Modifiers_SetModifiersInfo status=SUCCESS method=CategoriesandItemsTest.Modifiers_SetModifiersInfo()[pri:0, instance:Pays.posfinaltesting.CategoriesandItemsTest@363042d7] output={null}]]]>
              </value>
            </param>
          </params>
          <reporter-output>
          </reporter-output>
        </test-method> <!-- tearDown -->
        <test-method is-config="true" signature="setup()[pri:0, instance:Pays.posfinaltesting.CategoriesandItemsTest@363042d7]" started-at="2025-04-03T19:25:58 IST" name="setup" finished-at="2025-04-03T19:25:58 IST" duration-ms="37" status="PASS">
          <reporter-output>
          </reporter-output>
        </test-method> <!-- setup -->
        <test-method signature="Items_AddItems()[pri:0, instance:Pays.posfinaltesting.CategoriesandItemsTest@363042d7]" started-at="2025-04-03T19:25:58 IST" name="Items_AddItems" finished-at="2025-04-03T19:25:59 IST" depends-on-methods="Pays.posfinaltesting.CategoriesandItemsTest.Modifiers_SetModifiersInfo" duration-ms="1191" status="PASS">
          <reporter-output>
          </reporter-output>
        </test-method> <!-- Items_AddItems -->
        <test-method is-config="true" signature="tearDown(org.testng.ITestResult)[pri:0, instance:Pays.posfinaltesting.CategoriesandItemsTest@363042d7]" started-at="2025-04-03T19:25:59 IST" name="tearDown" finished-at="2025-04-03T19:25:59 IST" duration-ms="0" status="PASS">
          <params>
            <param index="0">
              <value>
                <![CDATA[[TestResult name=Items_AddItems status=SUCCESS method=CategoriesandItemsTest.Items_AddItems()[pri:0, instance:Pays.posfinaltesting.CategoriesandItemsTest@363042d7] output={null}]]]>
              </value>
            </param>
          </params>
          <reporter-output>
          </reporter-output>
        </test-method> <!-- tearDown -->
        <test-method is-config="true" signature="setup()[pri:0, instance:Pays.posfinaltesting.CategoriesandItemsTest@363042d7]" started-at="2025-04-03T19:25:59 IST" name="setup" finished-at="2025-04-03T19:25:59 IST" duration-ms="21" status="PASS">
          <reporter-output>
          </reporter-output>
        </test-method> <!-- setup -->
        <test-method signature="Items_SetItem()[pri:0, instance:Pays.posfinaltesting.CategoriesandItemsTest@363042d7]" started-at="2025-04-03T19:25:59 IST" name="Items_SetItem" finished-at="2025-04-03T19:26:31 IST" depends-on-methods="Pays.posfinaltesting.CategoriesandItemsTest.Items_AddItems" duration-ms="32101" status="PASS">
          <reporter-output>
          </reporter-output>
        </test-method> <!-- Items_SetItem -->
        <test-method is-config="true" signature="tearDown(org.testng.ITestResult)[pri:0, instance:Pays.posfinaltesting.CategoriesandItemsTest@363042d7]" started-at="2025-04-03T19:26:31 IST" name="tearDown" finished-at="2025-04-03T19:26:31 IST" duration-ms="1" status="PASS">
          <params>
            <param index="0">
              <value>
                <![CDATA[[TestResult name=Items_SetItem status=SUCCESS method=CategoriesandItemsTest.Items_SetItem()[pri:0, instance:Pays.posfinaltesting.CategoriesandItemsTest@363042d7] output={null}]]]>
              </value>
            </param>
          </params>
          <reporter-output>
          </reporter-output>
        </test-method> <!-- tearDown -->
        <test-method is-config="true" signature="setup()[pri:0, instance:Pays.posfinaltesting.CategoriesandItemsTest@363042d7]" started-at="2025-04-03T19:26:31 IST" name="setup" finished-at="2025-04-03T19:26:31 IST" duration-ms="24" status="PASS">
          <reporter-output>
          </reporter-output>
        </test-method> <!-- setup -->
        <test-method signature="Items_Home()[pri:0, instance:Pays.posfinaltesting.CategoriesandItemsTest@363042d7]" started-at="2025-04-03T19:26:31 IST" name="Items_Home" finished-at="2025-04-03T19:26:37 IST" depends-on-methods="Pays.posfinaltesting.CategoriesandItemsTest.Items_SetItem" duration-ms="5818" status="PASS">
          <reporter-output>
          </reporter-output>
        </test-method> <!-- Items_Home -->
        <test-method is-config="true" signature="tearDown(org.testng.ITestResult)[pri:0, instance:Pays.posfinaltesting.CategoriesandItemsTest@363042d7]" started-at="2025-04-03T19:26:37 IST" name="tearDown" finished-at="2025-04-03T19:26:37 IST" duration-ms="0" status="PASS">
          <params>
            <param index="0">
              <value>
                <![CDATA[[TestResult name=Items_Home status=SUCCESS method=CategoriesandItemsTest.Items_Home()[pri:0, instance:Pays.posfinaltesting.CategoriesandItemsTest@363042d7] output={null}]]]>
              </value>
            </param>
          </params>
          <reporter-output>
          </reporter-output>
        </test-method> <!-- tearDown -->
        <test-method is-config="true" signature="setup()[pri:0, instance:Pays.posfinaltesting.CategoriesandItemsTest@363042d7]" started-at="2025-04-03T19:26:37 IST" name="setup" finished-at="2025-04-03T19:26:37 IST" duration-ms="19" status="PASS">
          <reporter-output>
          </reporter-output>
        </test-method> <!-- setup -->
        <test-method signature="Items_SelectPay()[pri:0, instance:Pays.posfinaltesting.CategoriesandItemsTest@363042d7]" started-at="2025-04-03T19:26:37 IST" name="Items_SelectPay" finished-at="2025-04-03T19:26:41 IST" depends-on-methods="Pays.posfinaltesting.CategoriesandItemsTest.Items_Home" duration-ms="3790" status="PASS">
          <reporter-output>
          </reporter-output>
        </test-method> <!-- Items_SelectPay -->
        <test-method is-config="true" signature="tearDown(org.testng.ITestResult)[pri:0, instance:Pays.posfinaltesting.CategoriesandItemsTest@363042d7]" started-at="2025-04-03T19:26:41 IST" name="tearDown" finished-at="2025-04-03T19:26:41 IST" duration-ms="1" status="PASS">
          <params>
            <param index="0">
              <value>
                <![CDATA[[TestResult name=Items_SelectPay status=SUCCESS method=CategoriesandItemsTest.Items_SelectPay()[pri:0, instance:Pays.posfinaltesting.CategoriesandItemsTest@363042d7] output={null}]]]>
              </value>
            </param>
          </params>
          <reporter-output>
          </reporter-output>
        </test-method> <!-- tearDown -->
        <test-method is-config="true" signature="setup()[pri:0, instance:Pays.posfinaltesting.CategoriesandItemsTest@363042d7]" started-at="2025-04-03T19:26:41 IST" name="setup" finished-at="2025-04-03T19:26:41 IST" duration-ms="17" status="PASS">
          <reporter-output>
          </reporter-output>
        </test-method> <!-- setup -->
        <test-method signature="Items_Transaction()[pri:0, instance:Pays.posfinaltesting.CategoriesandItemsTest@363042d7]" started-at="2025-04-03T19:26:41 IST" name="Items_Transaction" finished-at="2025-04-03T19:27:09 IST" depends-on-methods="Pays.posfinaltesting.CategoriesandItemsTest.Items_SelectPay" duration-ms="28197" status="PASS">
          <reporter-output>
          </reporter-output>
        </test-method> <!-- Items_Transaction -->
        <test-method is-config="true" signature="tearDown(org.testng.ITestResult)[pri:0, instance:Pays.posfinaltesting.CategoriesandItemsTest@363042d7]" started-at="2025-04-03T19:27:09 IST" name="tearDown" finished-at="2025-04-03T19:27:11 IST" duration-ms="2014" status="PASS">
          <params>
            <param index="0">
              <value>
                <![CDATA[[TestResult name=Items_Transaction status=SUCCESS method=CategoriesandItemsTest.Items_Transaction()[pri:0, instance:Pays.posfinaltesting.CategoriesandItemsTest@363042d7] output={null}]]]>
              </value>
            </param>
          </params>
          <reporter-output>
          </reporter-output>
        </test-method> <!-- tearDown -->
        <test-method is-config="true" signature="setup()[pri:0, instance:Pays.posfinaltesting.CategoriesandItemsTest@363042d7]" started-at="2025-04-03T19:27:11 IST" name="setup" finished-at="2025-04-03T19:27:11 IST" duration-ms="43" status="PASS">
          <reporter-output>
          </reporter-output>
        </test-method> <!-- setup -->
        <test-method signature="DeleteCategory_Select_Categories()[pri:0, instance:Pays.posfinaltesting.CategoriesandItemsTest@363042d7]" started-at="2025-04-03T19:27:11 IST" name="DeleteCategory_Select_Categories" finished-at="2025-04-03T19:27:23 IST" depends-on-methods="Pays.posfinaltesting.CategoriesandItemsTest.Items_Transaction" duration-ms="12334" status="PASS">
          <reporter-output>
          </reporter-output>
        </test-method> <!-- DeleteCategory_Select_Categories -->
        <test-method is-config="true" signature="tearDown(org.testng.ITestResult)[pri:0, instance:Pays.posfinaltesting.CategoriesandItemsTest@363042d7]" started-at="2025-04-03T19:27:23 IST" name="tearDown" finished-at="2025-04-03T19:27:23 IST" duration-ms="1" status="PASS">
          <params>
            <param index="0">
              <value>
                <![CDATA[[TestResult name=DeleteCategory_Select_Categories status=SUCCESS method=CategoriesandItemsTest.DeleteCategory_Select_Categories()[pri:0, instance:Pays.posfinaltesting.CategoriesandItemsTest@363042d7] output={null}]]]>
              </value>
            </param>
          </params>
          <reporter-output>
          </reporter-output>
        </test-method> <!-- tearDown -->
        <test-method is-config="true" signature="setup()[pri:0, instance:Pays.posfinaltesting.CategoriesandItemsTest@363042d7]" started-at="2025-04-03T19:27:23 IST" name="setup" finished-at="2025-04-03T19:27:23 IST" duration-ms="18" status="PASS">
          <reporter-output>
          </reporter-output>
        </test-method> <!-- setup -->
        <test-method signature="DeleteCategory_DeleteCategory()[pri:0, instance:Pays.posfinaltesting.CategoriesandItemsTest@363042d7]" started-at="2025-04-03T19:27:23 IST" name="DeleteCategory_DeleteCategory" finished-at="2025-04-03T19:27:29 IST" depends-on-methods="Pays.posfinaltesting.CategoriesandItemsTest.DeleteCategory_Select_Categories" duration-ms="5643" status="PASS">
          <reporter-output>
          </reporter-output>
        </test-method> <!-- DeleteCategory_DeleteCategory -->
        <test-method is-config="true" signature="tearDown(org.testng.ITestResult)[pri:0, instance:Pays.posfinaltesting.CategoriesandItemsTest@363042d7]" started-at="2025-04-03T19:27:29 IST" name="tearDown" finished-at="2025-04-03T19:27:29 IST" duration-ms="1" status="PASS">
          <params>
            <param index="0">
              <value>
                <![CDATA[[TestResult name=DeleteCategory_DeleteCategory status=SUCCESS method=CategoriesandItemsTest.DeleteCategory_DeleteCategory()[pri:0, instance:Pays.posfinaltesting.CategoriesandItemsTest@363042d7] output={null}]]]>
              </value>
            </param>
          </params>
          <reporter-output>
          </reporter-output>
        </test-method> <!-- tearDown -->
        <test-method is-config="true" signature="setup()[pri:0, instance:Pays.posfinaltesting.CategoriesandItemsTest@363042d7]" started-at="2025-04-03T19:27:29 IST" name="setup" finished-at="2025-04-03T19:27:29 IST" duration-ms="20" status="PASS">
          <reporter-output>
          </reporter-output>
        </test-method> <!-- setup -->
        <test-method signature="DeleteItem_ClickItem()[pri:0, instance:Pays.posfinaltesting.CategoriesandItemsTest@363042d7]" started-at="2025-04-03T19:27:29 IST" name="DeleteItem_ClickItem" finished-at="2025-04-03T19:27:29 IST" depends-on-methods="Pays.posfinaltesting.CategoriesandItemsTest.DeleteCategory_DeleteCategory" duration-ms="168" status="PASS">
          <reporter-output>
          </reporter-output>
        </test-method> <!-- DeleteItem_ClickItem -->
        <test-method is-config="true" signature="tearDown(org.testng.ITestResult)[pri:0, instance:Pays.posfinaltesting.CategoriesandItemsTest@363042d7]" started-at="2025-04-03T19:27:29 IST" name="tearDown" finished-at="2025-04-03T19:27:29 IST" duration-ms="2" status="PASS">
          <params>
            <param index="0">
              <value>
                <![CDATA[[TestResult name=DeleteItem_ClickItem status=SUCCESS method=CategoriesandItemsTest.DeleteItem_ClickItem()[pri:0, instance:Pays.posfinaltesting.CategoriesandItemsTest@363042d7] output={null}]]]>
              </value>
            </param>
          </params>
          <reporter-output>
          </reporter-output>
        </test-method> <!-- tearDown -->
        <test-method is-config="true" signature="setup()[pri:0, instance:Pays.posfinaltesting.CategoriesandItemsTest@363042d7]" started-at="2025-04-03T19:27:29 IST" name="setup" finished-at="2025-04-03T19:27:29 IST" duration-ms="22" status="PASS">
          <reporter-output>
          </reporter-output>
        </test-method> <!-- setup -->
        <test-method signature="DeleteItem_DeleteItems()[pri:0, instance:Pays.posfinaltesting.CategoriesandItemsTest@363042d7]" started-at="2025-04-03T19:27:29 IST" name="DeleteItem_DeleteItems" finished-at="2025-04-03T19:28:08 IST" depends-on-methods="Pays.posfinaltesting.CategoriesandItemsTest.DeleteItem_ClickItem" duration-ms="38800" status="PASS">
          <reporter-output>
          </reporter-output>
        </test-method> <!-- DeleteItem_DeleteItems -->
        <test-method is-config="true" signature="tearDown(org.testng.ITestResult)[pri:0, instance:Pays.posfinaltesting.CategoriesandItemsTest@363042d7]" started-at="2025-04-03T19:28:08 IST" name="tearDown" finished-at="2025-04-03T19:28:08 IST" duration-ms="0" status="PASS">
          <params>
            <param index="0">
              <value>
                <![CDATA[[TestResult name=DeleteItem_DeleteItems status=SUCCESS method=CategoriesandItemsTest.DeleteItem_DeleteItems()[pri:0, instance:Pays.posfinaltesting.CategoriesandItemsTest@363042d7] output={null}]]]>
              </value>
            </param>
          </params>
          <reporter-output>
          </reporter-output>
        </test-method> <!-- tearDown -->
        <test-method is-config="true" signature="setup()[pri:0, instance:Pays.posfinaltesting.CategoriesandItemsTest@363042d7]" started-at="2025-04-03T19:28:08 IST" name="setup" finished-at="2025-04-03T19:28:08 IST" duration-ms="24" status="PASS">
          <reporter-output>
          </reporter-output>
        </test-method> <!-- setup -->
        <test-method signature="DeleteModifiers_ClickModifiers()[pri:0, instance:Pays.posfinaltesting.CategoriesandItemsTest@363042d7]" started-at="2025-04-03T19:28:08 IST" name="DeleteModifiers_ClickModifiers" finished-at="2025-04-03T19:28:08 IST" depends-on-methods="Pays.posfinaltesting.CategoriesandItemsTest.DeleteItem_DeleteItems" duration-ms="238" status="PASS">
          <reporter-output>
          </reporter-output>
        </test-method> <!-- DeleteModifiers_ClickModifiers -->
        <test-method is-config="true" signature="tearDown(org.testng.ITestResult)[pri:0, instance:Pays.posfinaltesting.CategoriesandItemsTest@363042d7]" started-at="2025-04-03T19:28:08 IST" name="tearDown" finished-at="2025-04-03T19:28:08 IST" duration-ms="1" status="PASS">
          <params>
            <param index="0">
              <value>
                <![CDATA[[TestResult name=DeleteModifiers_ClickModifiers status=SUCCESS method=CategoriesandItemsTest.DeleteModifiers_ClickModifiers()[pri:0, instance:Pays.posfinaltesting.CategoriesandItemsTest@363042d7] output={null}]]]>
              </value>
            </param>
          </params>
          <reporter-output>
          </reporter-output>
        </test-method> <!-- tearDown -->
        <test-method is-config="true" signature="setup()[pri:0, instance:Pays.posfinaltesting.CategoriesandItemsTest@363042d7]" started-at="2025-04-03T19:28:08 IST" name="setup" finished-at="2025-04-03T19:28:08 IST" duration-ms="17" status="PASS">
          <reporter-output>
          </reporter-output>
        </test-method> <!-- setup -->
        <test-method signature="DeleteModifier_SelectModifier()[pri:0, instance:Pays.posfinaltesting.CategoriesandItemsTest@363042d7]" started-at="2025-04-03T19:28:08 IST" name="DeleteModifier_SelectModifier" finished-at="2025-04-03T19:28:13 IST" depends-on-methods="Pays.posfinaltesting.CategoriesandItemsTest.DeleteModifiers_ClickModifiers" duration-ms="4357" status="PASS">
          <reporter-output>
          </reporter-output>
        </test-method> <!-- DeleteModifier_SelectModifier -->
        <test-method is-config="true" signature="tearDown(org.testng.ITestResult)[pri:0, instance:Pays.posfinaltesting.CategoriesandItemsTest@363042d7]" started-at="2025-04-03T19:28:13 IST" name="tearDown" finished-at="2025-04-03T19:28:13 IST" duration-ms="0" status="PASS">
          <params>
            <param index="0">
              <value>
                <![CDATA[[TestResult name=DeleteModifier_SelectModifier status=SUCCESS method=CategoriesandItemsTest.DeleteModifier_SelectModifier()[pri:0, instance:Pays.posfinaltesting.CategoriesandItemsTest@363042d7] output={null}]]]>
              </value>
            </param>
          </params>
          <reporter-output>
          </reporter-output>
        </test-method> <!-- tearDown -->
      </class> <!-- Pays.posfinaltesting.CategoriesandItemsTest -->
    </test> <!-- Test -->
  </suite> <!-- Suite -->
</testng-results>
