<?xml version="1.0" encoding="UTF-8"?>
<testng-results ignored="0" total="139" passed="0" failed="0" skipped="139">
  <reporter-output>
  </reporter-output>
  <suite started-at="2025-03-20T21:33:55 IST" name="Suite" finished-at="2025-03-20T21:34:02 IST" duration-ms="6664">
    <groups>
    </groups>
    <test started-at="2025-03-20T21:33:55 IST" name="Login_Passcode" finished-at="2025-03-20T21:33:57 IST" duration-ms="2366">
      <class name="Pays.posfinaltesting.LoginPasscodeTest">
        <test-method is-config="true" signature="ConfigureAppium()[pri:0, instance:Pays.posfinaltesting.LoginPasscodeTest@34cdeda2]" started-at="2025-03-20T21:33:55 IST" name="ConfigureAppium" finished-at="2025-03-20T21:33:57 IST" duration-ms="2200" status="FAIL">
          <exception class="org.openqa.selenium.SessionNotCreatedException">
            <message>
              <![CDATA[Could not start a new session. Response code 500. Message: An unknown server-side error occurred while processing the command. Original error: Error getting device API level. Original error: Error executing adbExec. Original error: 'Command 'C:\\Users\\prati\\AppData\\Local\\Android\\Sdk\\platform-tools\\adb.exe -P 5037 -s 2290080791 shell getprop ro.build.version.sdk' exited with code 255'; Command output: <empty> 
Host info: host: 'PRATIK', ip: '192.168.0.234'
Build info: version: '4.29.0', revision: '5fc1ec94cb'
System info: os.name: 'Windows 11', os.arch: 'amd64', os.version: '10.0', java.version: '21.0.6'
Driver info: io.appium.java_client.android.AndroidDriver
Command: [null, newSession {capabilities=[Capabilities {appium:app: E:\EclipseWorkspace\posfina..., appium:appActivity: com.pays.pos.ui.activities...., appium:appPackage: com.pays.pos, appium:autoGrantPermissions: true, appium:automationName: UIAutomator2, appium:deviceName: LANDI C20pro, appium:newCommandTimeout: 10000, platformName: ANDROID}]}]
Capabilities {appium:app: E:\EclipseWorkspace\posfina..., appium:appActivity: com.pays.pos.ui.activities...., appium:appPackage: com.pays.pos, appium:autoGrantPermissions: true, appium:automationName: UIAutomator2, appium:deviceName: LANDI C20pro, appium:newCommandTimeout: 10000, platformName: ANDROID}]]>
            </message>
            <full-stacktrace>
              <![CDATA[org.openqa.selenium.SessionNotCreatedException: Could not start a new session. Response code 500. Message: An unknown server-side error occurred while processing the command. Original error: Error getting device API level. Original error: Error executing adbExec. Original error: 'Command 'C:\\Users\\prati\\AppData\\Local\\Android\\Sdk\\platform-tools\\adb.exe -P 5037 -s 2290080791 shell getprop ro.build.version.sdk' exited with code 255'; Command output: <empty> 
Host info: host: 'PRATIK', ip: '192.168.0.234'
Build info: version: '4.29.0', revision: '5fc1ec94cb'
System info: os.name: 'Windows 11', os.arch: 'amd64', os.version: '10.0', java.version: '21.0.6'
Driver info: io.appium.java_client.android.AndroidDriver
Command: [null, newSession {capabilities=[Capabilities {appium:app: E:\EclipseWorkspace\posfina..., appium:appActivity: com.pays.pos.ui.activities...., appium:appPackage: com.pays.pos, appium:autoGrantPermissions: true, appium:automationName: UIAutomator2, appium:deviceName: LANDI C20pro, appium:newCommandTimeout: 10000, platformName: ANDROID}]}]
Capabilities {appium:app: E:\EclipseWorkspace\posfina..., appium:appActivity: com.pays.pos.ui.activities...., appium:appPackage: com.pays.pos, appium:autoGrantPermissions: true, appium:automationName: UIAutomator2, appium:deviceName: LANDI C20pro, appium:newCommandTimeout: 10000, platformName: ANDROID}
at org.openqa.selenium.remote.ProtocolHandshake.createSession(ProtocolHandshake.java:114)
at org.openqa.selenium.remote.ProtocolHandshake.createSession(ProtocolHandshake.java:75)
at org.openqa.selenium.remote.ProtocolHandshake.createSession(ProtocolHandshake.java:61)
at io.appium.java_client.remote.AppiumCommandExecutor.createSession(AppiumCommandExecutor.java:178)
at io.appium.java_client.remote.AppiumCommandExecutor.execute(AppiumCommandExecutor.java:243)
at org.openqa.selenium.remote.RemoteWebDriver.execute(RemoteWebDriver.java:545)
at io.appium.java_client.AppiumDriver.startSession(AppiumDriver.java:313)
at org.openqa.selenium.remote.RemoteWebDriver.<init>(RemoteWebDriver.java:174)
at io.appium.java_client.AppiumDriver.<init>(AppiumDriver.java:101)
at io.appium.java_client.AppiumDriver.<init>(AppiumDriver.java:113)
at io.appium.java_client.android.AndroidDriver.<init>(AndroidDriver.java:109)
at Pays.posfinaltesting.BaseTest.ConfigureAppium(BaseTest.java:54)
at java.base/jdk.internal.reflect.DirectMethodHandleAccessor.invoke(DirectMethodHandleAccessor.java:103)
at java.base/java.lang.reflect.Method.invoke(Method.java:580)
at org.testng.internal.invokers.MethodInvocationHelper.invokeMethod(MethodInvocationHelper.java:141)
at org.testng.internal.invokers.MethodInvocationHelper.invokeMethodConsideringTimeout(MethodInvocationHelper.java:71)
at org.testng.internal.invokers.ConfigInvoker.invokeConfigurationMethod(ConfigInvoker.java:400)
at org.testng.internal.invokers.ConfigInvoker.invokeConfigurations(ConfigInvoker.java:333)
at org.testng.internal.invokers.TestMethodWorker.invokeBeforeClassMethods(TestMethodWorker.java:188)
at org.testng.internal.invokers.TestMethodWorker.run(TestMethodWorker.java:128)
at java.base/java.util.ArrayList.forEach(ArrayList.java:1596)
at org.testng.TestRunner.privateRun(TestRunner.java:739)
at org.testng.TestRunner.run(TestRunner.java:614)
at org.testng.SuiteRunner.runTest(SuiteRunner.java:421)
at org.testng.SuiteRunner.runSequentially(SuiteRunner.java:413)
at org.testng.SuiteRunner.privateRun(SuiteRunner.java:373)
at org.testng.SuiteRunner.run(SuiteRunner.java:312)
at org.testng.SuiteRunnerWorker.runSuite(SuiteRunnerWorker.java:52)
at org.testng.SuiteRunnerWorker.run(SuiteRunnerWorker.java:95)
at org.testng.TestNG.runSuitesSequentially(TestNG.java:1274)
at org.testng.TestNG.runSuitesLocally(TestNG.java:1208)
at org.testng.TestNG.runSuites(TestNG.java:1112)
at org.testng.TestNG.run(TestNG.java:1079)
at org.testng.remote.AbstractRemoteTestNG.run(AbstractRemoteTestNG.java:115)
at org.testng.remote.RemoteTestNG.initAndRun(RemoteTestNG.java:293)
at org.testng.remote.RemoteTestNG.main(RemoteTestNG.java:91)
]]>
            </full-stacktrace>
          </exception> <!-- org.openqa.selenium.SessionNotCreatedException -->
          <reporter-output>
          </reporter-output>
        </test-method> <!-- ConfigureAppium -->
        <test-method is-config="true" signature="Login_setup()[pri:0, instance:Pays.posfinaltesting.LoginPasscodeTest@34cdeda2]" started-at="2025-03-20T21:33:57 IST" name="Login_setup" finished-at="2025-03-20T21:33:57 IST" duration-ms="0" status="SKIP">
          <reporter-output>
          </reporter-output>
        </test-method> <!-- Login_setup -->
        <test-method signature="LogintoApp()[pri:0, instance:Pays.posfinaltesting.LoginPasscodeTest@34cdeda2]" started-at="2025-03-20T21:33:57 IST" name="LogintoApp" finished-at="2025-03-20T21:33:57 IST" duration-ms="0" status="SKIP">
          <exception class="org.openqa.selenium.SessionNotCreatedException">
            <message>
              <![CDATA[Could not start a new session. Response code 500. Message: An unknown server-side error occurred while processing the command. Original error: Error getting device API level. Original error: Error executing adbExec. Original error: 'Command 'C:\\Users\\prati\\AppData\\Local\\Android\\Sdk\\platform-tools\\adb.exe -P 5037 -s 2290080791 shell getprop ro.build.version.sdk' exited with code 255'; Command output: <empty> 
Host info: host: 'PRATIK', ip: '192.168.0.234'
Build info: version: '4.29.0', revision: '5fc1ec94cb'
System info: os.name: 'Windows 11', os.arch: 'amd64', os.version: '10.0', java.version: '21.0.6'
Driver info: io.appium.java_client.android.AndroidDriver
Command: [null, newSession {capabilities=[Capabilities {appium:app: E:\EclipseWorkspace\posfina..., appium:appActivity: com.pays.pos.ui.activities...., appium:appPackage: com.pays.pos, appium:autoGrantPermissions: true, appium:automationName: UIAutomator2, appium:deviceName: LANDI C20pro, appium:newCommandTimeout: 10000, platformName: ANDROID}]}]
Capabilities {appium:app: E:\EclipseWorkspace\posfina..., appium:appActivity: com.pays.pos.ui.activities...., appium:appPackage: com.pays.pos, appium:autoGrantPermissions: true, appium:automationName: UIAutomator2, appium:deviceName: LANDI C20pro, appium:newCommandTimeout: 10000, platformName: ANDROID}]]>
            </message>
            <full-stacktrace>
              <![CDATA[org.openqa.selenium.SessionNotCreatedException: Could not start a new session. Response code 500. Message: An unknown server-side error occurred while processing the command. Original error: Error getting device API level. Original error: Error executing adbExec. Original error: 'Command 'C:\\Users\\prati\\AppData\\Local\\Android\\Sdk\\platform-tools\\adb.exe -P 5037 -s 2290080791 shell getprop ro.build.version.sdk' exited with code 255'; Command output: <empty> 
Host info: host: 'PRATIK', ip: '192.168.0.234'
Build info: version: '4.29.0', revision: '5fc1ec94cb'
System info: os.name: 'Windows 11', os.arch: 'amd64', os.version: '10.0', java.version: '21.0.6'
Driver info: io.appium.java_client.android.AndroidDriver
Command: [null, newSession {capabilities=[Capabilities {appium:app: E:\EclipseWorkspace\posfina..., appium:appActivity: com.pays.pos.ui.activities...., appium:appPackage: com.pays.pos, appium:autoGrantPermissions: true, appium:automationName: UIAutomator2, appium:deviceName: LANDI C20pro, appium:newCommandTimeout: 10000, platformName: ANDROID}]}]
Capabilities {appium:app: E:\EclipseWorkspace\posfina..., appium:appActivity: com.pays.pos.ui.activities...., appium:appPackage: com.pays.pos, appium:autoGrantPermissions: true, appium:automationName: UIAutomator2, appium:deviceName: LANDI C20pro, appium:newCommandTimeout: 10000, platformName: ANDROID}
at org.openqa.selenium.remote.ProtocolHandshake.createSession(ProtocolHandshake.java:114)
at org.openqa.selenium.remote.ProtocolHandshake.createSession(ProtocolHandshake.java:75)
at org.openqa.selenium.remote.ProtocolHandshake.createSession(ProtocolHandshake.java:61)
at io.appium.java_client.remote.AppiumCommandExecutor.createSession(AppiumCommandExecutor.java:178)
at io.appium.java_client.remote.AppiumCommandExecutor.execute(AppiumCommandExecutor.java:243)
at org.openqa.selenium.remote.RemoteWebDriver.execute(RemoteWebDriver.java:545)
at io.appium.java_client.AppiumDriver.startSession(AppiumDriver.java:313)
at org.openqa.selenium.remote.RemoteWebDriver.<init>(RemoteWebDriver.java:174)
at io.appium.java_client.AppiumDriver.<init>(AppiumDriver.java:101)
at io.appium.java_client.AppiumDriver.<init>(AppiumDriver.java:113)
at io.appium.java_client.android.AndroidDriver.<init>(AndroidDriver.java:109)
at Pays.posfinaltesting.BaseTest.ConfigureAppium(BaseTest.java:54)
at java.base/jdk.internal.reflect.DirectMethodHandleAccessor.invoke(DirectMethodHandleAccessor.java:103)
at java.base/java.lang.reflect.Method.invoke(Method.java:580)
at org.testng.internal.invokers.MethodInvocationHelper.invokeMethod(MethodInvocationHelper.java:141)
at org.testng.internal.invokers.MethodInvocationHelper.invokeMethodConsideringTimeout(MethodInvocationHelper.java:71)
at org.testng.internal.invokers.ConfigInvoker.invokeConfigurationMethod(ConfigInvoker.java:400)
at org.testng.internal.invokers.ConfigInvoker.invokeConfigurations(ConfigInvoker.java:333)
at org.testng.internal.invokers.TestMethodWorker.invokeBeforeClassMethods(TestMethodWorker.java:188)
at org.testng.internal.invokers.TestMethodWorker.run(TestMethodWorker.java:128)
at java.base/java.util.ArrayList.forEach(ArrayList.java:1596)
at org.testng.TestRunner.privateRun(TestRunner.java:739)
at org.testng.TestRunner.run(TestRunner.java:614)
at org.testng.SuiteRunner.runTest(SuiteRunner.java:421)
at org.testng.SuiteRunner.runSequentially(SuiteRunner.java:413)
at org.testng.SuiteRunner.privateRun(SuiteRunner.java:373)
at org.testng.SuiteRunner.run(SuiteRunner.java:312)
at org.testng.SuiteRunnerWorker.runSuite(SuiteRunnerWorker.java:52)
at org.testng.SuiteRunnerWorker.run(SuiteRunnerWorker.java:95)
at org.testng.TestNG.runSuitesSequentially(TestNG.java:1274)
at org.testng.TestNG.runSuitesLocally(TestNG.java:1208)
at org.testng.TestNG.runSuites(TestNG.java:1112)
at org.testng.TestNG.run(TestNG.java:1079)
at org.testng.remote.AbstractRemoteTestNG.run(AbstractRemoteTestNG.java:115)
at org.testng.remote.RemoteTestNG.initAndRun(RemoteTestNG.java:293)
at org.testng.remote.RemoteTestNG.main(RemoteTestNG.java:91)
]]>
            </full-stacktrace>
          </exception> <!-- org.openqa.selenium.SessionNotCreatedException -->
          <reporter-output>
          </reporter-output>
        </test-method> <!-- LogintoApp -->
        <test-method is-config="true" signature="tearDown()[pri:0, instance:Pays.posfinaltesting.LoginPasscodeTest@34cdeda2]" started-at="2025-03-20T21:33:57 IST" name="tearDown" finished-at="2025-03-20T21:33:57 IST" duration-ms="0" status="SKIP">
          <reporter-output>
          </reporter-output>
        </test-method> <!-- tearDown -->
        <test-method is-config="true" signature="Login_setup()[pri:0, instance:Pays.posfinaltesting.LoginPasscodeTest@34cdeda2]" started-at="2025-03-20T21:33:57 IST" name="Login_setup" finished-at="2025-03-20T21:33:57 IST" duration-ms="0" status="SKIP">
          <reporter-output>
          </reporter-output>
        </test-method> <!-- Login_setup -->
        <test-method signature="Passcode()[pri:0, instance:Pays.posfinaltesting.LoginPasscodeTest@34cdeda2]" started-at="2025-03-20T21:33:57 IST" name="Passcode" finished-at="2025-03-20T21:33:57 IST" duration-ms="0" status="SKIP">
          <exception class="org.openqa.selenium.SessionNotCreatedException">
            <message>
              <![CDATA[Could not start a new session. Response code 500. Message: An unknown server-side error occurred while processing the command. Original error: Error getting device API level. Original error: Error executing adbExec. Original error: 'Command 'C:\\Users\\prati\\AppData\\Local\\Android\\Sdk\\platform-tools\\adb.exe -P 5037 -s 2290080791 shell getprop ro.build.version.sdk' exited with code 255'; Command output: <empty> 
Host info: host: 'PRATIK', ip: '192.168.0.234'
Build info: version: '4.29.0', revision: '5fc1ec94cb'
System info: os.name: 'Windows 11', os.arch: 'amd64', os.version: '10.0', java.version: '21.0.6'
Driver info: io.appium.java_client.android.AndroidDriver
Command: [null, newSession {capabilities=[Capabilities {appium:app: E:\EclipseWorkspace\posfina..., appium:appActivity: com.pays.pos.ui.activities...., appium:appPackage: com.pays.pos, appium:autoGrantPermissions: true, appium:automationName: UIAutomator2, appium:deviceName: LANDI C20pro, appium:newCommandTimeout: 10000, platformName: ANDROID}]}]
Capabilities {appium:app: E:\EclipseWorkspace\posfina..., appium:appActivity: com.pays.pos.ui.activities...., appium:appPackage: com.pays.pos, appium:autoGrantPermissions: true, appium:automationName: UIAutomator2, appium:deviceName: LANDI C20pro, appium:newCommandTimeout: 10000, platformName: ANDROID}]]>
            </message>
            <full-stacktrace>
              <![CDATA[org.openqa.selenium.SessionNotCreatedException: Could not start a new session. Response code 500. Message: An unknown server-side error occurred while processing the command. Original error: Error getting device API level. Original error: Error executing adbExec. Original error: 'Command 'C:\\Users\\prati\\AppData\\Local\\Android\\Sdk\\platform-tools\\adb.exe -P 5037 -s 2290080791 shell getprop ro.build.version.sdk' exited with code 255'; Command output: <empty> 
Host info: host: 'PRATIK', ip: '192.168.0.234'
Build info: version: '4.29.0', revision: '5fc1ec94cb'
System info: os.name: 'Windows 11', os.arch: 'amd64', os.version: '10.0', java.version: '21.0.6'
Driver info: io.appium.java_client.android.AndroidDriver
Command: [null, newSession {capabilities=[Capabilities {appium:app: E:\EclipseWorkspace\posfina..., appium:appActivity: com.pays.pos.ui.activities...., appium:appPackage: com.pays.pos, appium:autoGrantPermissions: true, appium:automationName: UIAutomator2, appium:deviceName: LANDI C20pro, appium:newCommandTimeout: 10000, platformName: ANDROID}]}]
Capabilities {appium:app: E:\EclipseWorkspace\posfina..., appium:appActivity: com.pays.pos.ui.activities...., appium:appPackage: com.pays.pos, appium:autoGrantPermissions: true, appium:automationName: UIAutomator2, appium:deviceName: LANDI C20pro, appium:newCommandTimeout: 10000, platformName: ANDROID}
at org.openqa.selenium.remote.ProtocolHandshake.createSession(ProtocolHandshake.java:114)
at org.openqa.selenium.remote.ProtocolHandshake.createSession(ProtocolHandshake.java:75)
at org.openqa.selenium.remote.ProtocolHandshake.createSession(ProtocolHandshake.java:61)
at io.appium.java_client.remote.AppiumCommandExecutor.createSession(AppiumCommandExecutor.java:178)
at io.appium.java_client.remote.AppiumCommandExecutor.execute(AppiumCommandExecutor.java:243)
at org.openqa.selenium.remote.RemoteWebDriver.execute(RemoteWebDriver.java:545)
at io.appium.java_client.AppiumDriver.startSession(AppiumDriver.java:313)
at org.openqa.selenium.remote.RemoteWebDriver.<init>(RemoteWebDriver.java:174)
at io.appium.java_client.AppiumDriver.<init>(AppiumDriver.java:101)
at io.appium.java_client.AppiumDriver.<init>(AppiumDriver.java:113)
at io.appium.java_client.android.AndroidDriver.<init>(AndroidDriver.java:109)
at Pays.posfinaltesting.BaseTest.ConfigureAppium(BaseTest.java:54)
at java.base/jdk.internal.reflect.DirectMethodHandleAccessor.invoke(DirectMethodHandleAccessor.java:103)
at java.base/java.lang.reflect.Method.invoke(Method.java:580)
at org.testng.internal.invokers.MethodInvocationHelper.invokeMethod(MethodInvocationHelper.java:141)
at org.testng.internal.invokers.MethodInvocationHelper.invokeMethodConsideringTimeout(MethodInvocationHelper.java:71)
at org.testng.internal.invokers.ConfigInvoker.invokeConfigurationMethod(ConfigInvoker.java:400)
at org.testng.internal.invokers.ConfigInvoker.invokeConfigurations(ConfigInvoker.java:333)
at org.testng.internal.invokers.TestMethodWorker.invokeBeforeClassMethods(TestMethodWorker.java:188)
at org.testng.internal.invokers.TestMethodWorker.run(TestMethodWorker.java:128)
at java.base/java.util.ArrayList.forEach(ArrayList.java:1596)
at org.testng.TestRunner.privateRun(TestRunner.java:739)
at org.testng.TestRunner.run(TestRunner.java:614)
at org.testng.SuiteRunner.runTest(SuiteRunner.java:421)
at org.testng.SuiteRunner.runSequentially(SuiteRunner.java:413)
at org.testng.SuiteRunner.privateRun(SuiteRunner.java:373)
at org.testng.SuiteRunner.run(SuiteRunner.java:312)
at org.testng.SuiteRunnerWorker.runSuite(SuiteRunnerWorker.java:52)
at org.testng.SuiteRunnerWorker.run(SuiteRunnerWorker.java:95)
at org.testng.TestNG.runSuitesSequentially(TestNG.java:1274)
at org.testng.TestNG.runSuitesLocally(TestNG.java:1208)
at org.testng.TestNG.runSuites(TestNG.java:1112)
at org.testng.TestNG.run(TestNG.java:1079)
at org.testng.remote.AbstractRemoteTestNG.run(AbstractRemoteTestNG.java:115)
at org.testng.remote.RemoteTestNG.initAndRun(RemoteTestNG.java:293)
at org.testng.remote.RemoteTestNG.main(RemoteTestNG.java:91)
]]>
            </full-stacktrace>
          </exception> <!-- org.openqa.selenium.SessionNotCreatedException -->
          <reporter-output>
          </reporter-output>
        </test-method> <!-- Passcode -->
        <test-method is-config="true" signature="tearDown()[pri:0, instance:Pays.posfinaltesting.LoginPasscodeTest@34cdeda2]" started-at="2025-03-20T21:33:57 IST" name="tearDown" finished-at="2025-03-20T21:33:57 IST" duration-ms="0" status="SKIP">
          <reporter-output>
          </reporter-output>
        </test-method> <!-- tearDown -->
      </class> <!-- Pays.posfinaltesting.LoginPasscodeTest -->
    </test> <!-- Login_Passcode -->
    <test started-at="2025-03-20T21:33:58 IST" name="TakeOut_Card_Refund" finished-at="2025-03-20T21:33:58 IST" duration-ms="465">
      <class name="Pays.posfinaltesting.TakeOutTest">
        <test-method is-config="true" signature="ConfigureAppium()[pri:0, instance:Pays.posfinaltesting.TakeOutTest@101639ae]" started-at="2025-03-20T21:33:58 IST" name="ConfigureAppium" finished-at="2025-03-20T21:33:58 IST" duration-ms="332" status="FAIL">
          <exception class="org.openqa.selenium.SessionNotCreatedException">
            <message>
              <![CDATA[Could not start a new session. Response code 500. Message: An unknown server-side error occurred while processing the command. Original error: Error getting device API level. Original error: Error executing adbExec. Original error: 'Command 'C:\\Users\\prati\\AppData\\Local\\Android\\Sdk\\platform-tools\\adb.exe -P 5037 -s 2290080791 shell getprop ro.build.version.sdk' exited with code 255'; Command output: <empty> 
Host info: host: 'PRATIK', ip: '192.168.0.234'
Build info: version: '4.29.0', revision: '5fc1ec94cb'
System info: os.name: 'Windows 11', os.arch: 'amd64', os.version: '10.0', java.version: '21.0.6'
Driver info: io.appium.java_client.android.AndroidDriver
Command: [null, newSession {capabilities=[Capabilities {appium:app: E:\EclipseWorkspace\posfina..., appium:appActivity: com.pays.pos.ui.activities...., appium:appPackage: com.pays.pos, appium:autoGrantPermissions: true, appium:automationName: UIAutomator2, appium:deviceName: LANDI C20pro, appium:newCommandTimeout: 10000, platformName: ANDROID}]}]
Capabilities {appium:app: E:\EclipseWorkspace\posfina..., appium:appActivity: com.pays.pos.ui.activities...., appium:appPackage: com.pays.pos, appium:autoGrantPermissions: true, appium:automationName: UIAutomator2, appium:deviceName: LANDI C20pro, appium:newCommandTimeout: 10000, platformName: ANDROID}]]>
            </message>
            <full-stacktrace>
              <![CDATA[org.openqa.selenium.SessionNotCreatedException: Could not start a new session. Response code 500. Message: An unknown server-side error occurred while processing the command. Original error: Error getting device API level. Original error: Error executing adbExec. Original error: 'Command 'C:\\Users\\prati\\AppData\\Local\\Android\\Sdk\\platform-tools\\adb.exe -P 5037 -s 2290080791 shell getprop ro.build.version.sdk' exited with code 255'; Command output: <empty> 
Host info: host: 'PRATIK', ip: '192.168.0.234'
Build info: version: '4.29.0', revision: '5fc1ec94cb'
System info: os.name: 'Windows 11', os.arch: 'amd64', os.version: '10.0', java.version: '21.0.6'
Driver info: io.appium.java_client.android.AndroidDriver
Command: [null, newSession {capabilities=[Capabilities {appium:app: E:\EclipseWorkspace\posfina..., appium:appActivity: com.pays.pos.ui.activities...., appium:appPackage: com.pays.pos, appium:autoGrantPermissions: true, appium:automationName: UIAutomator2, appium:deviceName: LANDI C20pro, appium:newCommandTimeout: 10000, platformName: ANDROID}]}]
Capabilities {appium:app: E:\EclipseWorkspace\posfina..., appium:appActivity: com.pays.pos.ui.activities...., appium:appPackage: com.pays.pos, appium:autoGrantPermissions: true, appium:automationName: UIAutomator2, appium:deviceName: LANDI C20pro, appium:newCommandTimeout: 10000, platformName: ANDROID}
at org.openqa.selenium.remote.ProtocolHandshake.createSession(ProtocolHandshake.java:114)
at org.openqa.selenium.remote.ProtocolHandshake.createSession(ProtocolHandshake.java:75)
at org.openqa.selenium.remote.ProtocolHandshake.createSession(ProtocolHandshake.java:61)
at io.appium.java_client.remote.AppiumCommandExecutor.createSession(AppiumCommandExecutor.java:178)
at io.appium.java_client.remote.AppiumCommandExecutor.execute(AppiumCommandExecutor.java:243)
at org.openqa.selenium.remote.RemoteWebDriver.execute(RemoteWebDriver.java:545)
at io.appium.java_client.AppiumDriver.startSession(AppiumDriver.java:313)
at org.openqa.selenium.remote.RemoteWebDriver.<init>(RemoteWebDriver.java:174)
at io.appium.java_client.AppiumDriver.<init>(AppiumDriver.java:101)
at io.appium.java_client.AppiumDriver.<init>(AppiumDriver.java:113)
at io.appium.java_client.android.AndroidDriver.<init>(AndroidDriver.java:109)
at Pays.posfinaltesting.BaseTest.ConfigureAppium(BaseTest.java:54)
at java.base/jdk.internal.reflect.DirectMethodHandleAccessor.invoke(DirectMethodHandleAccessor.java:103)
at java.base/java.lang.reflect.Method.invoke(Method.java:580)
at org.testng.internal.invokers.MethodInvocationHelper.invokeMethod(MethodInvocationHelper.java:141)
at org.testng.internal.invokers.MethodInvocationHelper.invokeMethodConsideringTimeout(MethodInvocationHelper.java:71)
at org.testng.internal.invokers.ConfigInvoker.invokeConfigurationMethod(ConfigInvoker.java:400)
at org.testng.internal.invokers.ConfigInvoker.invokeConfigurations(ConfigInvoker.java:333)
at org.testng.internal.invokers.TestMethodWorker.invokeBeforeClassMethods(TestMethodWorker.java:188)
at org.testng.internal.invokers.TestMethodWorker.run(TestMethodWorker.java:128)
at java.base/java.util.ArrayList.forEach(ArrayList.java:1596)
at org.testng.TestRunner.privateRun(TestRunner.java:739)
at org.testng.TestRunner.run(TestRunner.java:614)
at org.testng.SuiteRunner.runTest(SuiteRunner.java:421)
at org.testng.SuiteRunner.runSequentially(SuiteRunner.java:413)
at org.testng.SuiteRunner.privateRun(SuiteRunner.java:373)
at org.testng.SuiteRunner.run(SuiteRunner.java:312)
at org.testng.SuiteRunnerWorker.runSuite(SuiteRunnerWorker.java:52)
at org.testng.SuiteRunnerWorker.run(SuiteRunnerWorker.java:95)
at org.testng.TestNG.runSuitesSequentially(TestNG.java:1274)
at org.testng.TestNG.runSuitesLocally(TestNG.java:1208)
at org.testng.TestNG.runSuites(TestNG.java:1112)
at org.testng.TestNG.run(TestNG.java:1079)
at org.testng.remote.AbstractRemoteTestNG.run(AbstractRemoteTestNG.java:115)
at org.testng.remote.RemoteTestNG.initAndRun(RemoteTestNG.java:293)
at org.testng.remote.RemoteTestNG.main(RemoteTestNG.java:91)
]]>
            </full-stacktrace>
          </exception> <!-- org.openqa.selenium.SessionNotCreatedException -->
          <reporter-output>
          </reporter-output>
        </test-method> <!-- ConfigureAppium -->
        <test-method is-config="true" signature="Login(org.testng.ITestResult)[pri:0, instance:Pays.posfinaltesting.TakeOutTest@101639ae]" started-at="2025-03-20T21:33:58 IST" name="Login" finished-at="2025-03-20T21:33:58 IST" duration-ms="0" status="SKIP">
          <reporter-output>
          </reporter-output>
        </test-method> <!-- Login -->
        <test-method signature="TakeOut_Setup()[pri:0, instance:Pays.posfinaltesting.TakeOutTest@101639ae]" started-at="2025-03-20T21:33:58 IST" name="TakeOut_Setup" finished-at="2025-03-20T21:33:58 IST" duration-ms="0" status="SKIP">
          <exception class="org.openqa.selenium.SessionNotCreatedException">
            <message>
              <![CDATA[Could not start a new session. Response code 500. Message: An unknown server-side error occurred while processing the command. Original error: Error getting device API level. Original error: Error executing adbExec. Original error: 'Command 'C:\\Users\\prati\\AppData\\Local\\Android\\Sdk\\platform-tools\\adb.exe -P 5037 -s 2290080791 shell getprop ro.build.version.sdk' exited with code 255'; Command output: <empty> 
Host info: host: 'PRATIK', ip: '192.168.0.234'
Build info: version: '4.29.0', revision: '5fc1ec94cb'
System info: os.name: 'Windows 11', os.arch: 'amd64', os.version: '10.0', java.version: '21.0.6'
Driver info: io.appium.java_client.android.AndroidDriver
Command: [null, newSession {capabilities=[Capabilities {appium:app: E:\EclipseWorkspace\posfina..., appium:appActivity: com.pays.pos.ui.activities...., appium:appPackage: com.pays.pos, appium:autoGrantPermissions: true, appium:automationName: UIAutomator2, appium:deviceName: LANDI C20pro, appium:newCommandTimeout: 10000, platformName: ANDROID}]}]
Capabilities {appium:app: E:\EclipseWorkspace\posfina..., appium:appActivity: com.pays.pos.ui.activities...., appium:appPackage: com.pays.pos, appium:autoGrantPermissions: true, appium:automationName: UIAutomator2, appium:deviceName: LANDI C20pro, appium:newCommandTimeout: 10000, platformName: ANDROID}]]>
            </message>
            <full-stacktrace>
              <![CDATA[org.openqa.selenium.SessionNotCreatedException: Could not start a new session. Response code 500. Message: An unknown server-side error occurred while processing the command. Original error: Error getting device API level. Original error: Error executing adbExec. Original error: 'Command 'C:\\Users\\prati\\AppData\\Local\\Android\\Sdk\\platform-tools\\adb.exe -P 5037 -s 2290080791 shell getprop ro.build.version.sdk' exited with code 255'; Command output: <empty> 
Host info: host: 'PRATIK', ip: '192.168.0.234'
Build info: version: '4.29.0', revision: '5fc1ec94cb'
System info: os.name: 'Windows 11', os.arch: 'amd64', os.version: '10.0', java.version: '21.0.6'
Driver info: io.appium.java_client.android.AndroidDriver
Command: [null, newSession {capabilities=[Capabilities {appium:app: E:\EclipseWorkspace\posfina..., appium:appActivity: com.pays.pos.ui.activities...., appium:appPackage: com.pays.pos, appium:autoGrantPermissions: true, appium:automationName: UIAutomator2, appium:deviceName: LANDI C20pro, appium:newCommandTimeout: 10000, platformName: ANDROID}]}]
Capabilities {appium:app: E:\EclipseWorkspace\posfina..., appium:appActivity: com.pays.pos.ui.activities...., appium:appPackage: com.pays.pos, appium:autoGrantPermissions: true, appium:automationName: UIAutomator2, appium:deviceName: LANDI C20pro, appium:newCommandTimeout: 10000, platformName: ANDROID}
at org.openqa.selenium.remote.ProtocolHandshake.createSession(ProtocolHandshake.java:114)
at org.openqa.selenium.remote.ProtocolHandshake.createSession(ProtocolHandshake.java:75)
at org.openqa.selenium.remote.ProtocolHandshake.createSession(ProtocolHandshake.java:61)
at io.appium.java_client.remote.AppiumCommandExecutor.createSession(AppiumCommandExecutor.java:178)
at io.appium.java_client.remote.AppiumCommandExecutor.execute(AppiumCommandExecutor.java:243)
at org.openqa.selenium.remote.RemoteWebDriver.execute(RemoteWebDriver.java:545)
at io.appium.java_client.AppiumDriver.startSession(AppiumDriver.java:313)
at org.openqa.selenium.remote.RemoteWebDriver.<init>(RemoteWebDriver.java:174)
at io.appium.java_client.AppiumDriver.<init>(AppiumDriver.java:101)
at io.appium.java_client.AppiumDriver.<init>(AppiumDriver.java:113)
at io.appium.java_client.android.AndroidDriver.<init>(AndroidDriver.java:109)
at Pays.posfinaltesting.BaseTest.ConfigureAppium(BaseTest.java:54)
at java.base/jdk.internal.reflect.DirectMethodHandleAccessor.invoke(DirectMethodHandleAccessor.java:103)
at java.base/java.lang.reflect.Method.invoke(Method.java:580)
at org.testng.internal.invokers.MethodInvocationHelper.invokeMethod(MethodInvocationHelper.java:141)
at org.testng.internal.invokers.MethodInvocationHelper.invokeMethodConsideringTimeout(MethodInvocationHelper.java:71)
at org.testng.internal.invokers.ConfigInvoker.invokeConfigurationMethod(ConfigInvoker.java:400)
at org.testng.internal.invokers.ConfigInvoker.invokeConfigurations(ConfigInvoker.java:333)
at org.testng.internal.invokers.TestMethodWorker.invokeBeforeClassMethods(TestMethodWorker.java:188)
at org.testng.internal.invokers.TestMethodWorker.run(TestMethodWorker.java:128)
at java.base/java.util.ArrayList.forEach(ArrayList.java:1596)
at org.testng.TestRunner.privateRun(TestRunner.java:739)
at org.testng.TestRunner.run(TestRunner.java:614)
at org.testng.SuiteRunner.runTest(SuiteRunner.java:421)
at org.testng.SuiteRunner.runSequentially(SuiteRunner.java:413)
at org.testng.SuiteRunner.privateRun(SuiteRunner.java:373)
at org.testng.SuiteRunner.run(SuiteRunner.java:312)
at org.testng.SuiteRunnerWorker.runSuite(SuiteRunnerWorker.java:52)
at org.testng.SuiteRunnerWorker.run(SuiteRunnerWorker.java:95)
at org.testng.TestNG.runSuitesSequentially(TestNG.java:1274)
at org.testng.TestNG.runSuitesLocally(TestNG.java:1208)
at org.testng.TestNG.runSuites(TestNG.java:1112)
at org.testng.TestNG.run(TestNG.java:1079)
at org.testng.remote.AbstractRemoteTestNG.run(AbstractRemoteTestNG.java:115)
at org.testng.remote.RemoteTestNG.initAndRun(RemoteTestNG.java:293)
at org.testng.remote.RemoteTestNG.main(RemoteTestNG.java:91)
]]>
            </full-stacktrace>
          </exception> <!-- org.openqa.selenium.SessionNotCreatedException -->
          <reporter-output>
          </reporter-output>
        </test-method> <!-- TakeOut_Setup -->
        <test-method is-config="true" signature="tearDown()[pri:0, instance:Pays.posfinaltesting.TakeOutTest@101639ae]" started-at="2025-03-20T21:33:58 IST" name="tearDown" finished-at="2025-03-20T21:33:58 IST" duration-ms="0" status="SKIP">
          <reporter-output>
          </reporter-output>
        </test-method> <!-- tearDown -->
        <test-method signature="TakeOut_SelectTakeout()[pri:0, instance:Pays.posfinaltesting.TakeOutTest@101639ae]" started-at="2025-03-20T21:33:58 IST" name="TakeOut_SelectTakeout" finished-at="2025-03-20T21:33:58 IST" depends-on-methods="Pays.posfinaltesting.TakeOutTest.TakeOut_Setup" duration-ms="0" status="SKIP">
          <exception class="java.lang.Throwable">
            <message>
              <![CDATA[Method Pays.posfinaltesting.TakeOutTest.TakeOut_SelectTakeout() on instance Pays.posfinaltesting.TakeOutTest@101639ae depends on not successfully finished methods 
[Pays.posfinaltesting.TakeOutTest.TakeOut_Setup() on instance Pays.posfinaltesting.TakeOutTest@101639ae]]]>
            </message>
            <full-stacktrace>
              <![CDATA[java.lang.Throwable: Method Pays.posfinaltesting.TakeOutTest.TakeOut_SelectTakeout() on instance Pays.posfinaltesting.TakeOutTest@101639ae depends on not successfully finished methods 
[Pays.posfinaltesting.TakeOutTest.TakeOut_Setup() on instance Pays.posfinaltesting.TakeOutTest@101639ae]
at org.testng.internal.invokers.TestInvoker.invokeTestMethods(TestInvoker.java:159)
at org.testng.internal.invokers.TestMethodWorker.invokeTestMethods(TestMethodWorker.java:154)
at org.testng.internal.invokers.TestMethodWorker.run(TestMethodWorker.java:134)
at java.base/java.util.ArrayList.forEach(ArrayList.java:1596)
at org.testng.TestRunner.privateRun(TestRunner.java:739)
at org.testng.TestRunner.run(TestRunner.java:614)
at org.testng.SuiteRunner.runTest(SuiteRunner.java:421)
at org.testng.SuiteRunner.runSequentially(SuiteRunner.java:413)
at org.testng.SuiteRunner.privateRun(SuiteRunner.java:373)
at org.testng.SuiteRunner.run(SuiteRunner.java:312)
at org.testng.SuiteRunnerWorker.runSuite(SuiteRunnerWorker.java:52)
at org.testng.SuiteRunnerWorker.run(SuiteRunnerWorker.java:95)
at org.testng.TestNG.runSuitesSequentially(TestNG.java:1274)
at org.testng.TestNG.runSuitesLocally(TestNG.java:1208)
at org.testng.TestNG.runSuites(TestNG.java:1112)
at org.testng.TestNG.run(TestNG.java:1079)
at org.testng.remote.AbstractRemoteTestNG.run(AbstractRemoteTestNG.java:115)
at org.testng.remote.RemoteTestNG.initAndRun(RemoteTestNG.java:293)
at org.testng.remote.RemoteTestNG.main(RemoteTestNG.java:91)
]]>
            </full-stacktrace>
          </exception> <!-- java.lang.Throwable -->
          <reporter-output>
          </reporter-output>
        </test-method> <!-- TakeOut_SelectTakeout -->
        <test-method signature="TakeOut_ItemSelection()[pri:0, instance:Pays.posfinaltesting.TakeOutTest@101639ae]" started-at="2025-03-20T21:33:58 IST" name="TakeOut_ItemSelection" finished-at="2025-03-20T21:33:58 IST" depends-on-methods="Pays.posfinaltesting.TakeOutTest.TakeOut_SelectTakeout" duration-ms="1" status="SKIP">
          <exception class="java.lang.Throwable">
            <message>
              <![CDATA[Method Pays.posfinaltesting.TakeOutTest.TakeOut_ItemSelection() on instance Pays.posfinaltesting.TakeOutTest@101639ae depends on not successfully finished methods 
[Pays.posfinaltesting.TakeOutTest.TakeOut_SelectTakeout() on instance Pays.posfinaltesting.TakeOutTest@101639ae]]]>
            </message>
            <full-stacktrace>
              <![CDATA[java.lang.Throwable: Method Pays.posfinaltesting.TakeOutTest.TakeOut_ItemSelection() on instance Pays.posfinaltesting.TakeOutTest@101639ae depends on not successfully finished methods 
[Pays.posfinaltesting.TakeOutTest.TakeOut_SelectTakeout() on instance Pays.posfinaltesting.TakeOutTest@101639ae]
at org.testng.internal.invokers.TestInvoker.invokeTestMethods(TestInvoker.java:159)
at org.testng.internal.invokers.TestMethodWorker.invokeTestMethods(TestMethodWorker.java:154)
at org.testng.internal.invokers.TestMethodWorker.run(TestMethodWorker.java:134)
at java.base/java.util.ArrayList.forEach(ArrayList.java:1596)
at org.testng.TestRunner.privateRun(TestRunner.java:739)
at org.testng.TestRunner.run(TestRunner.java:614)
at org.testng.SuiteRunner.runTest(SuiteRunner.java:421)
at org.testng.SuiteRunner.runSequentially(SuiteRunner.java:413)
at org.testng.SuiteRunner.privateRun(SuiteRunner.java:373)
at org.testng.SuiteRunner.run(SuiteRunner.java:312)
at org.testng.SuiteRunnerWorker.runSuite(SuiteRunnerWorker.java:52)
at org.testng.SuiteRunnerWorker.run(SuiteRunnerWorker.java:95)
at org.testng.TestNG.runSuitesSequentially(TestNG.java:1274)
at org.testng.TestNG.runSuitesLocally(TestNG.java:1208)
at org.testng.TestNG.runSuites(TestNG.java:1112)
at org.testng.TestNG.run(TestNG.java:1079)
at org.testng.remote.AbstractRemoteTestNG.run(AbstractRemoteTestNG.java:115)
at org.testng.remote.RemoteTestNG.initAndRun(RemoteTestNG.java:293)
at org.testng.remote.RemoteTestNG.main(RemoteTestNG.java:91)
]]>
            </full-stacktrace>
          </exception> <!-- java.lang.Throwable -->
          <reporter-output>
          </reporter-output>
        </test-method> <!-- TakeOut_ItemSelection -->
        <test-method signature="TakeOut_AddManualItems()[pri:0, instance:Pays.posfinaltesting.TakeOutTest@101639ae]" started-at="2025-03-20T21:33:58 IST" name="TakeOut_AddManualItems" finished-at="2025-03-20T21:33:58 IST" depends-on-methods="Pays.posfinaltesting.TakeOutTest.TakeOut_ItemSelection" duration-ms="0" status="SKIP">
          <exception class="java.lang.Throwable">
            <message>
              <![CDATA[Method Pays.posfinaltesting.TakeOutTest.TakeOut_AddManualItems() on instance Pays.posfinaltesting.TakeOutTest@101639ae depends on not successfully finished methods 
[Pays.posfinaltesting.TakeOutTest.TakeOut_ItemSelection() on instance Pays.posfinaltesting.TakeOutTest@101639ae]]]>
            </message>
            <full-stacktrace>
              <![CDATA[java.lang.Throwable: Method Pays.posfinaltesting.TakeOutTest.TakeOut_AddManualItems() on instance Pays.posfinaltesting.TakeOutTest@101639ae depends on not successfully finished methods 
[Pays.posfinaltesting.TakeOutTest.TakeOut_ItemSelection() on instance Pays.posfinaltesting.TakeOutTest@101639ae]
at org.testng.internal.invokers.TestInvoker.invokeTestMethods(TestInvoker.java:159)
at org.testng.internal.invokers.TestMethodWorker.invokeTestMethods(TestMethodWorker.java:154)
at org.testng.internal.invokers.TestMethodWorker.run(TestMethodWorker.java:134)
at java.base/java.util.ArrayList.forEach(ArrayList.java:1596)
at org.testng.TestRunner.privateRun(TestRunner.java:739)
at org.testng.TestRunner.run(TestRunner.java:614)
at org.testng.SuiteRunner.runTest(SuiteRunner.java:421)
at org.testng.SuiteRunner.runSequentially(SuiteRunner.java:413)
at org.testng.SuiteRunner.privateRun(SuiteRunner.java:373)
at org.testng.SuiteRunner.run(SuiteRunner.java:312)
at org.testng.SuiteRunnerWorker.runSuite(SuiteRunnerWorker.java:52)
at org.testng.SuiteRunnerWorker.run(SuiteRunnerWorker.java:95)
at org.testng.TestNG.runSuitesSequentially(TestNG.java:1274)
at org.testng.TestNG.runSuitesLocally(TestNG.java:1208)
at org.testng.TestNG.runSuites(TestNG.java:1112)
at org.testng.TestNG.run(TestNG.java:1079)
at org.testng.remote.AbstractRemoteTestNG.run(AbstractRemoteTestNG.java:115)
at org.testng.remote.RemoteTestNG.initAndRun(RemoteTestNG.java:293)
at org.testng.remote.RemoteTestNG.main(RemoteTestNG.java:91)
]]>
            </full-stacktrace>
          </exception> <!-- java.lang.Throwable -->
          <reporter-output>
          </reporter-output>
        </test-method> <!-- TakeOut_AddManualItems -->
        <test-method signature="TakeOut_UpdateItem()[pri:0, instance:Pays.posfinaltesting.TakeOutTest@101639ae]" started-at="2025-03-20T21:33:58 IST" name="TakeOut_UpdateItem" finished-at="2025-03-20T21:33:58 IST" depends-on-methods="Pays.posfinaltesting.TakeOutTest.TakeOut_AddManualItems" duration-ms="0" status="SKIP">
          <exception class="java.lang.Throwable">
            <message>
              <![CDATA[Method Pays.posfinaltesting.TakeOutTest.TakeOut_UpdateItem() on instance Pays.posfinaltesting.TakeOutTest@101639ae depends on not successfully finished methods 
[Pays.posfinaltesting.TakeOutTest.TakeOut_AddManualItems() on instance Pays.posfinaltesting.TakeOutTest@101639ae]]]>
            </message>
            <full-stacktrace>
              <![CDATA[java.lang.Throwable: Method Pays.posfinaltesting.TakeOutTest.TakeOut_UpdateItem() on instance Pays.posfinaltesting.TakeOutTest@101639ae depends on not successfully finished methods 
[Pays.posfinaltesting.TakeOutTest.TakeOut_AddManualItems() on instance Pays.posfinaltesting.TakeOutTest@101639ae]
at org.testng.internal.invokers.TestInvoker.invokeTestMethods(TestInvoker.java:159)
at org.testng.internal.invokers.TestMethodWorker.invokeTestMethods(TestMethodWorker.java:154)
at org.testng.internal.invokers.TestMethodWorker.run(TestMethodWorker.java:134)
at java.base/java.util.ArrayList.forEach(ArrayList.java:1596)
at org.testng.TestRunner.privateRun(TestRunner.java:739)
at org.testng.TestRunner.run(TestRunner.java:614)
at org.testng.SuiteRunner.runTest(SuiteRunner.java:421)
at org.testng.SuiteRunner.runSequentially(SuiteRunner.java:413)
at org.testng.SuiteRunner.privateRun(SuiteRunner.java:373)
at org.testng.SuiteRunner.run(SuiteRunner.java:312)
at org.testng.SuiteRunnerWorker.runSuite(SuiteRunnerWorker.java:52)
at org.testng.SuiteRunnerWorker.run(SuiteRunnerWorker.java:95)
at org.testng.TestNG.runSuitesSequentially(TestNG.java:1274)
at org.testng.TestNG.runSuitesLocally(TestNG.java:1208)
at org.testng.TestNG.runSuites(TestNG.java:1112)
at org.testng.TestNG.run(TestNG.java:1079)
at org.testng.remote.AbstractRemoteTestNG.run(AbstractRemoteTestNG.java:115)
at org.testng.remote.RemoteTestNG.initAndRun(RemoteTestNG.java:293)
at org.testng.remote.RemoteTestNG.main(RemoteTestNG.java:91)
]]>
            </full-stacktrace>
          </exception> <!-- java.lang.Throwable -->
          <reporter-output>
          </reporter-output>
        </test-method> <!-- TakeOut_UpdateItem -->
        <test-method signature="TakeOut_RemoveItem()[pri:0, instance:Pays.posfinaltesting.TakeOutTest@101639ae]" started-at="2025-03-20T21:33:58 IST" name="TakeOut_RemoveItem" finished-at="2025-03-20T21:33:58 IST" depends-on-methods="Pays.posfinaltesting.TakeOutTest.TakeOut_UpdateItem" duration-ms="0" status="SKIP">
          <exception class="java.lang.Throwable">
            <message>
              <![CDATA[Method Pays.posfinaltesting.TakeOutTest.TakeOut_RemoveItem() on instance Pays.posfinaltesting.TakeOutTest@101639ae depends on not successfully finished methods 
[Pays.posfinaltesting.TakeOutTest.TakeOut_UpdateItem() on instance Pays.posfinaltesting.TakeOutTest@101639ae]]]>
            </message>
            <full-stacktrace>
              <![CDATA[java.lang.Throwable: Method Pays.posfinaltesting.TakeOutTest.TakeOut_RemoveItem() on instance Pays.posfinaltesting.TakeOutTest@101639ae depends on not successfully finished methods 
[Pays.posfinaltesting.TakeOutTest.TakeOut_UpdateItem() on instance Pays.posfinaltesting.TakeOutTest@101639ae]
at org.testng.internal.invokers.TestInvoker.invokeTestMethods(TestInvoker.java:159)
at org.testng.internal.invokers.TestMethodWorker.invokeTestMethods(TestMethodWorker.java:154)
at org.testng.internal.invokers.TestMethodWorker.run(TestMethodWorker.java:134)
at java.base/java.util.ArrayList.forEach(ArrayList.java:1596)
at org.testng.TestRunner.privateRun(TestRunner.java:739)
at org.testng.TestRunner.run(TestRunner.java:614)
at org.testng.SuiteRunner.runTest(SuiteRunner.java:421)
at org.testng.SuiteRunner.runSequentially(SuiteRunner.java:413)
at org.testng.SuiteRunner.privateRun(SuiteRunner.java:373)
at org.testng.SuiteRunner.run(SuiteRunner.java:312)
at org.testng.SuiteRunnerWorker.runSuite(SuiteRunnerWorker.java:52)
at org.testng.SuiteRunnerWorker.run(SuiteRunnerWorker.java:95)
at org.testng.TestNG.runSuitesSequentially(TestNG.java:1274)
at org.testng.TestNG.runSuitesLocally(TestNG.java:1208)
at org.testng.TestNG.runSuites(TestNG.java:1112)
at org.testng.TestNG.run(TestNG.java:1079)
at org.testng.remote.AbstractRemoteTestNG.run(AbstractRemoteTestNG.java:115)
at org.testng.remote.RemoteTestNG.initAndRun(RemoteTestNG.java:293)
at org.testng.remote.RemoteTestNG.main(RemoteTestNG.java:91)
]]>
            </full-stacktrace>
          </exception> <!-- java.lang.Throwable -->
          <reporter-output>
          </reporter-output>
        </test-method> <!-- TakeOut_RemoveItem -->
        <test-method signature="TakeOut_SaveOrder()[pri:0, instance:Pays.posfinaltesting.TakeOutTest@101639ae]" started-at="2025-03-20T21:33:58 IST" name="TakeOut_SaveOrder" finished-at="2025-03-20T21:33:58 IST" depends-on-methods="Pays.posfinaltesting.TakeOutTest.TakeOut_UpdateItem" duration-ms="0" status="SKIP">
          <exception class="java.lang.Throwable">
            <message>
              <![CDATA[Method Pays.posfinaltesting.TakeOutTest.TakeOut_SaveOrder() on instance Pays.posfinaltesting.TakeOutTest@101639ae depends on not successfully finished methods 
[Pays.posfinaltesting.TakeOutTest.TakeOut_UpdateItem() on instance Pays.posfinaltesting.TakeOutTest@101639ae]]]>
            </message>
            <full-stacktrace>
              <![CDATA[java.lang.Throwable: Method Pays.posfinaltesting.TakeOutTest.TakeOut_SaveOrder() on instance Pays.posfinaltesting.TakeOutTest@101639ae depends on not successfully finished methods 
[Pays.posfinaltesting.TakeOutTest.TakeOut_UpdateItem() on instance Pays.posfinaltesting.TakeOutTest@101639ae]
at org.testng.internal.invokers.TestInvoker.invokeTestMethods(TestInvoker.java:159)
at org.testng.internal.invokers.TestMethodWorker.invokeTestMethods(TestMethodWorker.java:154)
at org.testng.internal.invokers.TestMethodWorker.run(TestMethodWorker.java:134)
at java.base/java.util.ArrayList.forEach(ArrayList.java:1596)
at org.testng.TestRunner.privateRun(TestRunner.java:739)
at org.testng.TestRunner.run(TestRunner.java:614)
at org.testng.SuiteRunner.runTest(SuiteRunner.java:421)
at org.testng.SuiteRunner.runSequentially(SuiteRunner.java:413)
at org.testng.SuiteRunner.privateRun(SuiteRunner.java:373)
at org.testng.SuiteRunner.run(SuiteRunner.java:312)
at org.testng.SuiteRunnerWorker.runSuite(SuiteRunnerWorker.java:52)
at org.testng.SuiteRunnerWorker.run(SuiteRunnerWorker.java:95)
at org.testng.TestNG.runSuitesSequentially(TestNG.java:1274)
at org.testng.TestNG.runSuitesLocally(TestNG.java:1208)
at org.testng.TestNG.runSuites(TestNG.java:1112)
at org.testng.TestNG.run(TestNG.java:1079)
at org.testng.remote.AbstractRemoteTestNG.run(AbstractRemoteTestNG.java:115)
at org.testng.remote.RemoteTestNG.initAndRun(RemoteTestNG.java:293)
at org.testng.remote.RemoteTestNG.main(RemoteTestNG.java:91)
]]>
            </full-stacktrace>
          </exception> <!-- java.lang.Throwable -->
          <reporter-output>
          </reporter-output>
        </test-method> <!-- TakeOut_SaveOrder -->
        <test-method signature="TakeOut_CheckOrderType()[pri:0, instance:Pays.posfinaltesting.TakeOutTest@101639ae]" started-at="2025-03-20T21:33:58 IST" name="TakeOut_CheckOrderType" finished-at="2025-03-20T21:33:58 IST" depends-on-methods="Pays.posfinaltesting.TakeOutTest.TakeOut_SaveOrder" duration-ms="0" status="SKIP">
          <exception class="java.lang.Throwable">
            <message>
              <![CDATA[Method Pays.posfinaltesting.TakeOutTest.TakeOut_CheckOrderType() on instance Pays.posfinaltesting.TakeOutTest@101639ae depends on not successfully finished methods 
[Pays.posfinaltesting.TakeOutTest.TakeOut_SaveOrder() on instance Pays.posfinaltesting.TakeOutTest@101639ae]]]>
            </message>
            <full-stacktrace>
              <![CDATA[java.lang.Throwable: Method Pays.posfinaltesting.TakeOutTest.TakeOut_CheckOrderType() on instance Pays.posfinaltesting.TakeOutTest@101639ae depends on not successfully finished methods 
[Pays.posfinaltesting.TakeOutTest.TakeOut_SaveOrder() on instance Pays.posfinaltesting.TakeOutTest@101639ae]
at org.testng.internal.invokers.TestInvoker.invokeTestMethods(TestInvoker.java:159)
at org.testng.internal.invokers.TestMethodWorker.invokeTestMethods(TestMethodWorker.java:154)
at org.testng.internal.invokers.TestMethodWorker.run(TestMethodWorker.java:134)
at java.base/java.util.ArrayList.forEach(ArrayList.java:1596)
at org.testng.TestRunner.privateRun(TestRunner.java:739)
at org.testng.TestRunner.run(TestRunner.java:614)
at org.testng.SuiteRunner.runTest(SuiteRunner.java:421)
at org.testng.SuiteRunner.runSequentially(SuiteRunner.java:413)
at org.testng.SuiteRunner.privateRun(SuiteRunner.java:373)
at org.testng.SuiteRunner.run(SuiteRunner.java:312)
at org.testng.SuiteRunnerWorker.runSuite(SuiteRunnerWorker.java:52)
at org.testng.SuiteRunnerWorker.run(SuiteRunnerWorker.java:95)
at org.testng.TestNG.runSuitesSequentially(TestNG.java:1274)
at org.testng.TestNG.runSuitesLocally(TestNG.java:1208)
at org.testng.TestNG.runSuites(TestNG.java:1112)
at org.testng.TestNG.run(TestNG.java:1079)
at org.testng.remote.AbstractRemoteTestNG.run(AbstractRemoteTestNG.java:115)
at org.testng.remote.RemoteTestNG.initAndRun(RemoteTestNG.java:293)
at org.testng.remote.RemoteTestNG.main(RemoteTestNG.java:91)
]]>
            </full-stacktrace>
          </exception> <!-- java.lang.Throwable -->
          <reporter-output>
          </reporter-output>
        </test-method> <!-- TakeOut_CheckOrderType -->
        <test-method signature="Takeout_UpdateOrder()[pri:0, instance:Pays.posfinaltesting.TakeOutTest@101639ae]" started-at="2025-03-20T21:33:58 IST" name="Takeout_UpdateOrder" finished-at="2025-03-20T21:33:58 IST" depends-on-methods="Pays.posfinaltesting.TakeOutTest.TakeOut_CheckOrderType" duration-ms="0" status="SKIP">
          <exception class="java.lang.Throwable">
            <message>
              <![CDATA[Method Pays.posfinaltesting.TakeOutTest.Takeout_UpdateOrder() on instance Pays.posfinaltesting.TakeOutTest@101639ae depends on not successfully finished methods 
[Pays.posfinaltesting.TakeOutTest.TakeOut_CheckOrderType() on instance Pays.posfinaltesting.TakeOutTest@101639ae]]]>
            </message>
            <full-stacktrace>
              <![CDATA[java.lang.Throwable: Method Pays.posfinaltesting.TakeOutTest.Takeout_UpdateOrder() on instance Pays.posfinaltesting.TakeOutTest@101639ae depends on not successfully finished methods 
[Pays.posfinaltesting.TakeOutTest.TakeOut_CheckOrderType() on instance Pays.posfinaltesting.TakeOutTest@101639ae]
at org.testng.internal.invokers.TestInvoker.invokeTestMethods(TestInvoker.java:159)
at org.testng.internal.invokers.TestMethodWorker.invokeTestMethods(TestMethodWorker.java:154)
at org.testng.internal.invokers.TestMethodWorker.run(TestMethodWorker.java:134)
at java.base/java.util.ArrayList.forEach(ArrayList.java:1596)
at org.testng.TestRunner.privateRun(TestRunner.java:739)
at org.testng.TestRunner.run(TestRunner.java:614)
at org.testng.SuiteRunner.runTest(SuiteRunner.java:421)
at org.testng.SuiteRunner.runSequentially(SuiteRunner.java:413)
at org.testng.SuiteRunner.privateRun(SuiteRunner.java:373)
at org.testng.SuiteRunner.run(SuiteRunner.java:312)
at org.testng.SuiteRunnerWorker.runSuite(SuiteRunnerWorker.java:52)
at org.testng.SuiteRunnerWorker.run(SuiteRunnerWorker.java:95)
at org.testng.TestNG.runSuitesSequentially(TestNG.java:1274)
at org.testng.TestNG.runSuitesLocally(TestNG.java:1208)
at org.testng.TestNG.runSuites(TestNG.java:1112)
at org.testng.TestNG.run(TestNG.java:1079)
at org.testng.remote.AbstractRemoteTestNG.run(AbstractRemoteTestNG.java:115)
at org.testng.remote.RemoteTestNG.initAndRun(RemoteTestNG.java:293)
at org.testng.remote.RemoteTestNG.main(RemoteTestNG.java:91)
]]>
            </full-stacktrace>
          </exception> <!-- java.lang.Throwable -->
          <reporter-output>
          </reporter-output>
        </test-method> <!-- Takeout_UpdateOrder -->
        <test-method signature="TakeOut_AddOrderNote()[pri:0, instance:Pays.posfinaltesting.TakeOutTest@101639ae]" started-at="2025-03-20T21:33:58 IST" name="TakeOut_AddOrderNote" finished-at="2025-03-20T21:33:58 IST" depends-on-methods="Pays.posfinaltesting.TakeOutTest.Takeout_UpdateOrder" duration-ms="0" status="SKIP">
          <exception class="java.lang.Throwable">
            <message>
              <![CDATA[Method Pays.posfinaltesting.TakeOutTest.TakeOut_AddOrderNote() on instance Pays.posfinaltesting.TakeOutTest@101639ae depends on not successfully finished methods 
[Pays.posfinaltesting.TakeOutTest.Takeout_UpdateOrder() on instance Pays.posfinaltesting.TakeOutTest@101639ae]]]>
            </message>
            <full-stacktrace>
              <![CDATA[java.lang.Throwable: Method Pays.posfinaltesting.TakeOutTest.TakeOut_AddOrderNote() on instance Pays.posfinaltesting.TakeOutTest@101639ae depends on not successfully finished methods 
[Pays.posfinaltesting.TakeOutTest.Takeout_UpdateOrder() on instance Pays.posfinaltesting.TakeOutTest@101639ae]
at org.testng.internal.invokers.TestInvoker.invokeTestMethods(TestInvoker.java:159)
at org.testng.internal.invokers.TestMethodWorker.invokeTestMethods(TestMethodWorker.java:154)
at org.testng.internal.invokers.TestMethodWorker.run(TestMethodWorker.java:134)
at java.base/java.util.ArrayList.forEach(ArrayList.java:1596)
at org.testng.TestRunner.privateRun(TestRunner.java:739)
at org.testng.TestRunner.run(TestRunner.java:614)
at org.testng.SuiteRunner.runTest(SuiteRunner.java:421)
at org.testng.SuiteRunner.runSequentially(SuiteRunner.java:413)
at org.testng.SuiteRunner.privateRun(SuiteRunner.java:373)
at org.testng.SuiteRunner.run(SuiteRunner.java:312)
at org.testng.SuiteRunnerWorker.runSuite(SuiteRunnerWorker.java:52)
at org.testng.SuiteRunnerWorker.run(SuiteRunnerWorker.java:95)
at org.testng.TestNG.runSuitesSequentially(TestNG.java:1274)
at org.testng.TestNG.runSuitesLocally(TestNG.java:1208)
at org.testng.TestNG.runSuites(TestNG.java:1112)
at org.testng.TestNG.run(TestNG.java:1079)
at org.testng.remote.AbstractRemoteTestNG.run(AbstractRemoteTestNG.java:115)
at org.testng.remote.RemoteTestNG.initAndRun(RemoteTestNG.java:293)
at org.testng.remote.RemoteTestNG.main(RemoteTestNG.java:91)
]]>
            </full-stacktrace>
          </exception> <!-- java.lang.Throwable -->
          <reporter-output>
          </reporter-output>
        </test-method> <!-- TakeOut_AddOrderNote -->
        <test-method signature="TakeOut_AddDiscount()[pri:0, instance:Pays.posfinaltesting.TakeOutTest@101639ae]" started-at="2025-03-20T21:33:58 IST" name="TakeOut_AddDiscount" finished-at="2025-03-20T21:33:58 IST" depends-on-methods="Pays.posfinaltesting.TakeOutTest.TakeOut_AddOrderNote" duration-ms="0" status="SKIP">
          <exception class="java.lang.Throwable">
            <message>
              <![CDATA[Method Pays.posfinaltesting.TakeOutTest.TakeOut_AddDiscount() on instance Pays.posfinaltesting.TakeOutTest@101639ae depends on not successfully finished methods 
[Pays.posfinaltesting.TakeOutTest.TakeOut_AddOrderNote() on instance Pays.posfinaltesting.TakeOutTest@101639ae]]]>
            </message>
            <full-stacktrace>
              <![CDATA[java.lang.Throwable: Method Pays.posfinaltesting.TakeOutTest.TakeOut_AddDiscount() on instance Pays.posfinaltesting.TakeOutTest@101639ae depends on not successfully finished methods 
[Pays.posfinaltesting.TakeOutTest.TakeOut_AddOrderNote() on instance Pays.posfinaltesting.TakeOutTest@101639ae]
at org.testng.internal.invokers.TestInvoker.invokeTestMethods(TestInvoker.java:159)
at org.testng.internal.invokers.TestMethodWorker.invokeTestMethods(TestMethodWorker.java:154)
at org.testng.internal.invokers.TestMethodWorker.run(TestMethodWorker.java:134)
at java.base/java.util.ArrayList.forEach(ArrayList.java:1596)
at org.testng.TestRunner.privateRun(TestRunner.java:739)
at org.testng.TestRunner.run(TestRunner.java:614)
at org.testng.SuiteRunner.runTest(SuiteRunner.java:421)
at org.testng.SuiteRunner.runSequentially(SuiteRunner.java:413)
at org.testng.SuiteRunner.privateRun(SuiteRunner.java:373)
at org.testng.SuiteRunner.run(SuiteRunner.java:312)
at org.testng.SuiteRunnerWorker.runSuite(SuiteRunnerWorker.java:52)
at org.testng.SuiteRunnerWorker.run(SuiteRunnerWorker.java:95)
at org.testng.TestNG.runSuitesSequentially(TestNG.java:1274)
at org.testng.TestNG.runSuitesLocally(TestNG.java:1208)
at org.testng.TestNG.runSuites(TestNG.java:1112)
at org.testng.TestNG.run(TestNG.java:1079)
at org.testng.remote.AbstractRemoteTestNG.run(AbstractRemoteTestNG.java:115)
at org.testng.remote.RemoteTestNG.initAndRun(RemoteTestNG.java:293)
at org.testng.remote.RemoteTestNG.main(RemoteTestNG.java:91)
]]>
            </full-stacktrace>
          </exception> <!-- java.lang.Throwable -->
          <reporter-output>
          </reporter-output>
        </test-method> <!-- TakeOut_AddDiscount -->
        <test-method signature="TakeOut_ChangeOrderType()[pri:0, instance:Pays.posfinaltesting.TakeOutTest@101639ae]" started-at="2025-03-20T21:33:58 IST" name="TakeOut_ChangeOrderType" finished-at="2025-03-20T21:33:58 IST" depends-on-methods="Pays.posfinaltesting.TakeOutTest.TakeOut_AddOrderNote" duration-ms="0" status="SKIP">
          <exception class="java.lang.Throwable">
            <message>
              <![CDATA[Method Pays.posfinaltesting.TakeOutTest.TakeOut_ChangeOrderType() on instance Pays.posfinaltesting.TakeOutTest@101639ae depends on not successfully finished methods 
[Pays.posfinaltesting.TakeOutTest.TakeOut_AddOrderNote() on instance Pays.posfinaltesting.TakeOutTest@101639ae]]]>
            </message>
            <full-stacktrace>
              <![CDATA[java.lang.Throwable: Method Pays.posfinaltesting.TakeOutTest.TakeOut_ChangeOrderType() on instance Pays.posfinaltesting.TakeOutTest@101639ae depends on not successfully finished methods 
[Pays.posfinaltesting.TakeOutTest.TakeOut_AddOrderNote() on instance Pays.posfinaltesting.TakeOutTest@101639ae]
at org.testng.internal.invokers.TestInvoker.invokeTestMethods(TestInvoker.java:159)
at org.testng.internal.invokers.TestMethodWorker.invokeTestMethods(TestMethodWorker.java:154)
at org.testng.internal.invokers.TestMethodWorker.run(TestMethodWorker.java:134)
at java.base/java.util.ArrayList.forEach(ArrayList.java:1596)
at org.testng.TestRunner.privateRun(TestRunner.java:739)
at org.testng.TestRunner.run(TestRunner.java:614)
at org.testng.SuiteRunner.runTest(SuiteRunner.java:421)
at org.testng.SuiteRunner.runSequentially(SuiteRunner.java:413)
at org.testng.SuiteRunner.privateRun(SuiteRunner.java:373)
at org.testng.SuiteRunner.run(SuiteRunner.java:312)
at org.testng.SuiteRunnerWorker.runSuite(SuiteRunnerWorker.java:52)
at org.testng.SuiteRunnerWorker.run(SuiteRunnerWorker.java:95)
at org.testng.TestNG.runSuitesSequentially(TestNG.java:1274)
at org.testng.TestNG.runSuitesLocally(TestNG.java:1208)
at org.testng.TestNG.runSuites(TestNG.java:1112)
at org.testng.TestNG.run(TestNG.java:1079)
at org.testng.remote.AbstractRemoteTestNG.run(AbstractRemoteTestNG.java:115)
at org.testng.remote.RemoteTestNG.initAndRun(RemoteTestNG.java:293)
at org.testng.remote.RemoteTestNG.main(RemoteTestNG.java:91)
]]>
            </full-stacktrace>
          </exception> <!-- java.lang.Throwable -->
          <reporter-output>
          </reporter-output>
        </test-method> <!-- TakeOut_ChangeOrderType -->
        <test-method signature="TakeOut_AddCustomer()[pri:0, instance:Pays.posfinaltesting.TakeOutTest@101639ae]" started-at="2025-03-20T21:33:58 IST" name="TakeOut_AddCustomer" finished-at="2025-03-20T21:33:58 IST" depends-on-methods="Pays.posfinaltesting.TakeOutTest.TakeOut_ChangeOrderType" duration-ms="0" status="SKIP">
          <exception class="java.lang.Throwable">
            <message>
              <![CDATA[Method Pays.posfinaltesting.TakeOutTest.TakeOut_AddCustomer() on instance Pays.posfinaltesting.TakeOutTest@101639ae depends on not successfully finished methods 
[Pays.posfinaltesting.TakeOutTest.TakeOut_ChangeOrderType() on instance Pays.posfinaltesting.TakeOutTest@101639ae]]]>
            </message>
            <full-stacktrace>
              <![CDATA[java.lang.Throwable: Method Pays.posfinaltesting.TakeOutTest.TakeOut_AddCustomer() on instance Pays.posfinaltesting.TakeOutTest@101639ae depends on not successfully finished methods 
[Pays.posfinaltesting.TakeOutTest.TakeOut_ChangeOrderType() on instance Pays.posfinaltesting.TakeOutTest@101639ae]
at org.testng.internal.invokers.TestInvoker.invokeTestMethods(TestInvoker.java:159)
at org.testng.internal.invokers.TestMethodWorker.invokeTestMethods(TestMethodWorker.java:154)
at org.testng.internal.invokers.TestMethodWorker.run(TestMethodWorker.java:134)
at java.base/java.util.ArrayList.forEach(ArrayList.java:1596)
at org.testng.TestRunner.privateRun(TestRunner.java:739)
at org.testng.TestRunner.run(TestRunner.java:614)
at org.testng.SuiteRunner.runTest(SuiteRunner.java:421)
at org.testng.SuiteRunner.runSequentially(SuiteRunner.java:413)
at org.testng.SuiteRunner.privateRun(SuiteRunner.java:373)
at org.testng.SuiteRunner.run(SuiteRunner.java:312)
at org.testng.SuiteRunnerWorker.runSuite(SuiteRunnerWorker.java:52)
at org.testng.SuiteRunnerWorker.run(SuiteRunnerWorker.java:95)
at org.testng.TestNG.runSuitesSequentially(TestNG.java:1274)
at org.testng.TestNG.runSuitesLocally(TestNG.java:1208)
at org.testng.TestNG.runSuites(TestNG.java:1112)
at org.testng.TestNG.run(TestNG.java:1079)
at org.testng.remote.AbstractRemoteTestNG.run(AbstractRemoteTestNG.java:115)
at org.testng.remote.RemoteTestNG.initAndRun(RemoteTestNG.java:293)
at org.testng.remote.RemoteTestNG.main(RemoteTestNG.java:91)
]]>
            </full-stacktrace>
          </exception> <!-- java.lang.Throwable -->
          <reporter-output>
          </reporter-output>
        </test-method> <!-- TakeOut_AddCustomer -->
        <test-method signature="TakeOut_AppliedLoyaltyPoint()[pri:0, instance:Pays.posfinaltesting.TakeOutTest@101639ae]" started-at="2025-03-20T21:33:58 IST" name="TakeOut_AppliedLoyaltyPoint" finished-at="2025-03-20T21:33:58 IST" depends-on-methods="Pays.posfinaltesting.TakeOutTest.TakeOut_AddCustomer" duration-ms="0" status="SKIP">
          <exception class="java.lang.Throwable">
            <message>
              <![CDATA[Method Pays.posfinaltesting.TakeOutTest.TakeOut_AppliedLoyaltyPoint() on instance Pays.posfinaltesting.TakeOutTest@101639ae depends on not successfully finished methods 
[Pays.posfinaltesting.TakeOutTest.TakeOut_AddCustomer() on instance Pays.posfinaltesting.TakeOutTest@101639ae]]]>
            </message>
            <full-stacktrace>
              <![CDATA[java.lang.Throwable: Method Pays.posfinaltesting.TakeOutTest.TakeOut_AppliedLoyaltyPoint() on instance Pays.posfinaltesting.TakeOutTest@101639ae depends on not successfully finished methods 
[Pays.posfinaltesting.TakeOutTest.TakeOut_AddCustomer() on instance Pays.posfinaltesting.TakeOutTest@101639ae]
at org.testng.internal.invokers.TestInvoker.invokeTestMethods(TestInvoker.java:159)
at org.testng.internal.invokers.TestMethodWorker.invokeTestMethods(TestMethodWorker.java:154)
at org.testng.internal.invokers.TestMethodWorker.run(TestMethodWorker.java:134)
at java.base/java.util.ArrayList.forEach(ArrayList.java:1596)
at org.testng.TestRunner.privateRun(TestRunner.java:739)
at org.testng.TestRunner.run(TestRunner.java:614)
at org.testng.SuiteRunner.runTest(SuiteRunner.java:421)
at org.testng.SuiteRunner.runSequentially(SuiteRunner.java:413)
at org.testng.SuiteRunner.privateRun(SuiteRunner.java:373)
at org.testng.SuiteRunner.run(SuiteRunner.java:312)
at org.testng.SuiteRunnerWorker.runSuite(SuiteRunnerWorker.java:52)
at org.testng.SuiteRunnerWorker.run(SuiteRunnerWorker.java:95)
at org.testng.TestNG.runSuitesSequentially(TestNG.java:1274)
at org.testng.TestNG.runSuitesLocally(TestNG.java:1208)
at org.testng.TestNG.runSuites(TestNG.java:1112)
at org.testng.TestNG.run(TestNG.java:1079)
at org.testng.remote.AbstractRemoteTestNG.run(AbstractRemoteTestNG.java:115)
at org.testng.remote.RemoteTestNG.initAndRun(RemoteTestNG.java:293)
at org.testng.remote.RemoteTestNG.main(RemoteTestNG.java:91)
]]>
            </full-stacktrace>
          </exception> <!-- java.lang.Throwable -->
          <reporter-output>
          </reporter-output>
        </test-method> <!-- TakeOut_AppliedLoyaltyPoint -->
        <test-method signature="TakeOut_Transaction()[pri:0, instance:Pays.posfinaltesting.TakeOutTest@101639ae]" started-at="2025-03-20T21:33:58 IST" name="TakeOut_Transaction" finished-at="2025-03-20T21:33:58 IST" depends-on-methods="Pays.posfinaltesting.TakeOutTest.TakeOut_AppliedLoyaltyPoint" duration-ms="0" status="SKIP">
          <exception class="java.lang.Throwable">
            <message>
              <![CDATA[Method Pays.posfinaltesting.TakeOutTest.TakeOut_Transaction() on instance Pays.posfinaltesting.TakeOutTest@101639ae depends on not successfully finished methods 
[Pays.posfinaltesting.TakeOutTest.TakeOut_AppliedLoyaltyPoint() on instance Pays.posfinaltesting.TakeOutTest@101639ae]]]>
            </message>
            <full-stacktrace>
              <![CDATA[java.lang.Throwable: Method Pays.posfinaltesting.TakeOutTest.TakeOut_Transaction() on instance Pays.posfinaltesting.TakeOutTest@101639ae depends on not successfully finished methods 
[Pays.posfinaltesting.TakeOutTest.TakeOut_AppliedLoyaltyPoint() on instance Pays.posfinaltesting.TakeOutTest@101639ae]
at org.testng.internal.invokers.TestInvoker.invokeTestMethods(TestInvoker.java:159)
at org.testng.internal.invokers.TestMethodWorker.invokeTestMethods(TestMethodWorker.java:154)
at org.testng.internal.invokers.TestMethodWorker.run(TestMethodWorker.java:134)
at java.base/java.util.ArrayList.forEach(ArrayList.java:1596)
at org.testng.TestRunner.privateRun(TestRunner.java:739)
at org.testng.TestRunner.run(TestRunner.java:614)
at org.testng.SuiteRunner.runTest(SuiteRunner.java:421)
at org.testng.SuiteRunner.runSequentially(SuiteRunner.java:413)
at org.testng.SuiteRunner.privateRun(SuiteRunner.java:373)
at org.testng.SuiteRunner.run(SuiteRunner.java:312)
at org.testng.SuiteRunnerWorker.runSuite(SuiteRunnerWorker.java:52)
at org.testng.SuiteRunnerWorker.run(SuiteRunnerWorker.java:95)
at org.testng.TestNG.runSuitesSequentially(TestNG.java:1274)
at org.testng.TestNG.runSuitesLocally(TestNG.java:1208)
at org.testng.TestNG.runSuites(TestNG.java:1112)
at org.testng.TestNG.run(TestNG.java:1079)
at org.testng.remote.AbstractRemoteTestNG.run(AbstractRemoteTestNG.java:115)
at org.testng.remote.RemoteTestNG.initAndRun(RemoteTestNG.java:293)
at org.testng.remote.RemoteTestNG.main(RemoteTestNG.java:91)
]]>
            </full-stacktrace>
          </exception> <!-- java.lang.Throwable -->
          <reporter-output>
          </reporter-output>
        </test-method> <!-- TakeOut_Transaction -->
        <test-method signature="TakeOut_AddTip()[pri:0, instance:Pays.posfinaltesting.TakeOutTest@101639ae]" started-at="2025-03-20T21:33:58 IST" name="TakeOut_AddTip" finished-at="2025-03-20T21:33:58 IST" depends-on-methods="Pays.posfinaltesting.TakeOutTest.TakeOut_Transaction" duration-ms="0" status="SKIP">
          <exception class="java.lang.Throwable">
            <message>
              <![CDATA[Method Pays.posfinaltesting.TakeOutTest.TakeOut_AddTip() on instance Pays.posfinaltesting.TakeOutTest@101639ae depends on not successfully finished methods 
[Pays.posfinaltesting.TakeOutTest.TakeOut_Transaction() on instance Pays.posfinaltesting.TakeOutTest@101639ae]]]>
            </message>
            <full-stacktrace>
              <![CDATA[java.lang.Throwable: Method Pays.posfinaltesting.TakeOutTest.TakeOut_AddTip() on instance Pays.posfinaltesting.TakeOutTest@101639ae depends on not successfully finished methods 
[Pays.posfinaltesting.TakeOutTest.TakeOut_Transaction() on instance Pays.posfinaltesting.TakeOutTest@101639ae]
at org.testng.internal.invokers.TestInvoker.invokeTestMethods(TestInvoker.java:159)
at org.testng.internal.invokers.TestMethodWorker.invokeTestMethods(TestMethodWorker.java:154)
at org.testng.internal.invokers.TestMethodWorker.run(TestMethodWorker.java:134)
at java.base/java.util.ArrayList.forEach(ArrayList.java:1596)
at org.testng.TestRunner.privateRun(TestRunner.java:739)
at org.testng.TestRunner.run(TestRunner.java:614)
at org.testng.SuiteRunner.runTest(SuiteRunner.java:421)
at org.testng.SuiteRunner.runSequentially(SuiteRunner.java:413)
at org.testng.SuiteRunner.privateRun(SuiteRunner.java:373)
at org.testng.SuiteRunner.run(SuiteRunner.java:312)
at org.testng.SuiteRunnerWorker.runSuite(SuiteRunnerWorker.java:52)
at org.testng.SuiteRunnerWorker.run(SuiteRunnerWorker.java:95)
at org.testng.TestNG.runSuitesSequentially(TestNG.java:1274)
at org.testng.TestNG.runSuitesLocally(TestNG.java:1208)
at org.testng.TestNG.runSuites(TestNG.java:1112)
at org.testng.TestNG.run(TestNG.java:1079)
at org.testng.remote.AbstractRemoteTestNG.run(AbstractRemoteTestNG.java:115)
at org.testng.remote.RemoteTestNG.initAndRun(RemoteTestNG.java:293)
at org.testng.remote.RemoteTestNG.main(RemoteTestNG.java:91)
]]>
            </full-stacktrace>
          </exception> <!-- java.lang.Throwable -->
          <reporter-output>
          </reporter-output>
        </test-method> <!-- TakeOut_AddTip -->
        <test-method signature="TakeOut_Card_FinalWayPayment()[pri:0, instance:Pays.posfinaltesting.TakeOutTest@101639ae]" started-at="2025-03-20T21:33:58 IST" name="TakeOut_Card_FinalWayPayment" finished-at="2025-03-20T21:33:58 IST" depends-on-methods="Pays.posfinaltesting.TakeOutTest.TakeOut_AddTip" duration-ms="0" status="SKIP">
          <exception class="java.lang.Throwable">
            <message>
              <![CDATA[Method Pays.posfinaltesting.TakeOutTest.TakeOut_Card_FinalWayPayment() on instance Pays.posfinaltesting.TakeOutTest@101639ae depends on not successfully finished methods 
[Pays.posfinaltesting.TakeOutTest.TakeOut_AddTip() on instance Pays.posfinaltesting.TakeOutTest@101639ae]]]>
            </message>
            <full-stacktrace>
              <![CDATA[java.lang.Throwable: Method Pays.posfinaltesting.TakeOutTest.TakeOut_Card_FinalWayPayment() on instance Pays.posfinaltesting.TakeOutTest@101639ae depends on not successfully finished methods 
[Pays.posfinaltesting.TakeOutTest.TakeOut_AddTip() on instance Pays.posfinaltesting.TakeOutTest@101639ae]
at org.testng.internal.invokers.TestInvoker.invokeTestMethods(TestInvoker.java:159)
at org.testng.internal.invokers.TestMethodWorker.invokeTestMethods(TestMethodWorker.java:154)
at org.testng.internal.invokers.TestMethodWorker.run(TestMethodWorker.java:134)
at java.base/java.util.ArrayList.forEach(ArrayList.java:1596)
at org.testng.TestRunner.privateRun(TestRunner.java:739)
at org.testng.TestRunner.run(TestRunner.java:614)
at org.testng.SuiteRunner.runTest(SuiteRunner.java:421)
at org.testng.SuiteRunner.runSequentially(SuiteRunner.java:413)
at org.testng.SuiteRunner.privateRun(SuiteRunner.java:373)
at org.testng.SuiteRunner.run(SuiteRunner.java:312)
at org.testng.SuiteRunnerWorker.runSuite(SuiteRunnerWorker.java:52)
at org.testng.SuiteRunnerWorker.run(SuiteRunnerWorker.java:95)
at org.testng.TestNG.runSuitesSequentially(TestNG.java:1274)
at org.testng.TestNG.runSuitesLocally(TestNG.java:1208)
at org.testng.TestNG.runSuites(TestNG.java:1112)
at org.testng.TestNG.run(TestNG.java:1079)
at org.testng.remote.AbstractRemoteTestNG.run(AbstractRemoteTestNG.java:115)
at org.testng.remote.RemoteTestNG.initAndRun(RemoteTestNG.java:293)
at org.testng.remote.RemoteTestNG.main(RemoteTestNG.java:91)
]]>
            </full-stacktrace>
          </exception> <!-- java.lang.Throwable -->
          <reporter-output>
          </reporter-output>
        </test-method> <!-- TakeOut_Card_FinalWayPayment -->
        <test-method signature="TakeOut_Card_Refund_SelectRefund()[pri:0, instance:Pays.posfinaltesting.TakeOutTest@101639ae]" started-at="2025-03-20T21:33:58 IST" name="TakeOut_Card_Refund_SelectRefund" finished-at="2025-03-20T21:33:58 IST" depends-on-methods="Pays.posfinaltesting.TakeOutTest.TakeOut_Card_FinalWayPayment" duration-ms="0" status="SKIP">
          <exception class="java.lang.Throwable">
            <message>
              <![CDATA[Method Pays.posfinaltesting.TakeOutTest.TakeOut_Card_Refund_SelectRefund() on instance Pays.posfinaltesting.TakeOutTest@101639ae depends on not successfully finished methods 
[Pays.posfinaltesting.TakeOutTest.TakeOut_Card_FinalWayPayment() on instance Pays.posfinaltesting.TakeOutTest@101639ae]]]>
            </message>
            <full-stacktrace>
              <![CDATA[java.lang.Throwable: Method Pays.posfinaltesting.TakeOutTest.TakeOut_Card_Refund_SelectRefund() on instance Pays.posfinaltesting.TakeOutTest@101639ae depends on not successfully finished methods 
[Pays.posfinaltesting.TakeOutTest.TakeOut_Card_FinalWayPayment() on instance Pays.posfinaltesting.TakeOutTest@101639ae]
at org.testng.internal.invokers.TestInvoker.invokeTestMethods(TestInvoker.java:159)
at org.testng.internal.invokers.TestMethodWorker.invokeTestMethods(TestMethodWorker.java:154)
at org.testng.internal.invokers.TestMethodWorker.run(TestMethodWorker.java:134)
at java.base/java.util.ArrayList.forEach(ArrayList.java:1596)
at org.testng.TestRunner.privateRun(TestRunner.java:739)
at org.testng.TestRunner.run(TestRunner.java:614)
at org.testng.SuiteRunner.runTest(SuiteRunner.java:421)
at org.testng.SuiteRunner.runSequentially(SuiteRunner.java:413)
at org.testng.SuiteRunner.privateRun(SuiteRunner.java:373)
at org.testng.SuiteRunner.run(SuiteRunner.java:312)
at org.testng.SuiteRunnerWorker.runSuite(SuiteRunnerWorker.java:52)
at org.testng.SuiteRunnerWorker.run(SuiteRunnerWorker.java:95)
at org.testng.TestNG.runSuitesSequentially(TestNG.java:1274)
at org.testng.TestNG.runSuitesLocally(TestNG.java:1208)
at org.testng.TestNG.runSuites(TestNG.java:1112)
at org.testng.TestNG.run(TestNG.java:1079)
at org.testng.remote.AbstractRemoteTestNG.run(AbstractRemoteTestNG.java:115)
at org.testng.remote.RemoteTestNG.initAndRun(RemoteTestNG.java:293)
at org.testng.remote.RemoteTestNG.main(RemoteTestNG.java:91)
]]>
            </full-stacktrace>
          </exception> <!-- java.lang.Throwable -->
          <reporter-output>
          </reporter-output>
        </test-method> <!-- TakeOut_Card_Refund_SelectRefund -->
        <test-method signature="TakeOut_Card_Refund_PrintReceipt()[pri:0, instance:Pays.posfinaltesting.TakeOutTest@101639ae]" started-at="2025-03-20T21:33:58 IST" name="TakeOut_Card_Refund_PrintReceipt" finished-at="2025-03-20T21:33:58 IST" depends-on-methods="Pays.posfinaltesting.TakeOutTest.TakeOut_Card_Refund_SelectRefund" duration-ms="0" status="SKIP">
          <exception class="java.lang.Throwable">
            <message>
              <![CDATA[Method Pays.posfinaltesting.TakeOutTest.TakeOut_Card_Refund_PrintReceipt() on instance Pays.posfinaltesting.TakeOutTest@101639ae depends on not successfully finished methods 
[Pays.posfinaltesting.TakeOutTest.TakeOut_Card_Refund_SelectRefund() on instance Pays.posfinaltesting.TakeOutTest@101639ae]]]>
            </message>
            <full-stacktrace>
              <![CDATA[java.lang.Throwable: Method Pays.posfinaltesting.TakeOutTest.TakeOut_Card_Refund_PrintReceipt() on instance Pays.posfinaltesting.TakeOutTest@101639ae depends on not successfully finished methods 
[Pays.posfinaltesting.TakeOutTest.TakeOut_Card_Refund_SelectRefund() on instance Pays.posfinaltesting.TakeOutTest@101639ae]
at org.testng.internal.invokers.TestInvoker.invokeTestMethods(TestInvoker.java:159)
at org.testng.internal.invokers.TestMethodWorker.invokeTestMethods(TestMethodWorker.java:154)
at org.testng.internal.invokers.TestMethodWorker.run(TestMethodWorker.java:134)
at java.base/java.util.ArrayList.forEach(ArrayList.java:1596)
at org.testng.TestRunner.privateRun(TestRunner.java:739)
at org.testng.TestRunner.run(TestRunner.java:614)
at org.testng.SuiteRunner.runTest(SuiteRunner.java:421)
at org.testng.SuiteRunner.runSequentially(SuiteRunner.java:413)
at org.testng.SuiteRunner.privateRun(SuiteRunner.java:373)
at org.testng.SuiteRunner.run(SuiteRunner.java:312)
at org.testng.SuiteRunnerWorker.runSuite(SuiteRunnerWorker.java:52)
at org.testng.SuiteRunnerWorker.run(SuiteRunnerWorker.java:95)
at org.testng.TestNG.runSuitesSequentially(TestNG.java:1274)
at org.testng.TestNG.runSuitesLocally(TestNG.java:1208)
at org.testng.TestNG.runSuites(TestNG.java:1112)
at org.testng.TestNG.run(TestNG.java:1079)
at org.testng.remote.AbstractRemoteTestNG.run(AbstractRemoteTestNG.java:115)
at org.testng.remote.RemoteTestNG.initAndRun(RemoteTestNG.java:293)
at org.testng.remote.RemoteTestNG.main(RemoteTestNG.java:91)
]]>
            </full-stacktrace>
          </exception> <!-- java.lang.Throwable -->
          <reporter-output>
          </reporter-output>
        </test-method> <!-- TakeOut_Card_Refund_PrintReceipt -->
      </class> <!-- Pays.posfinaltesting.TakeOutTest -->
    </test> <!-- TakeOut_Card_Refund -->
    <test started-at="2025-03-20T21:33:58 IST" name="TakeOut_Cash_ItemWiseRefund" finished-at="2025-03-20T21:33:59 IST" duration-ms="499">
      <class name="Pays.posfinaltesting.TakeOutTest">
        <test-method is-config="true" signature="ConfigureAppium()[pri:0, instance:Pays.posfinaltesting.TakeOutTest@3d97a632]" started-at="2025-03-20T21:33:58 IST" name="ConfigureAppium" finished-at="2025-03-20T21:33:59 IST" duration-ms="386" status="FAIL">
          <exception class="org.openqa.selenium.SessionNotCreatedException">
            <message>
              <![CDATA[Could not start a new session. Response code 500. Message: An unknown server-side error occurred while processing the command. Original error: Error getting device API level. Original error: Error executing adbExec. Original error: 'Command 'C:\\Users\\prati\\AppData\\Local\\Android\\Sdk\\platform-tools\\adb.exe -P 5037 -s 2290080791 shell getprop ro.build.version.sdk' exited with code 255'; Command output: <empty> 
Host info: host: 'PRATIK', ip: '192.168.0.234'
Build info: version: '4.29.0', revision: '5fc1ec94cb'
System info: os.name: 'Windows 11', os.arch: 'amd64', os.version: '10.0', java.version: '21.0.6'
Driver info: io.appium.java_client.android.AndroidDriver
Command: [null, newSession {capabilities=[Capabilities {appium:app: E:\EclipseWorkspace\posfina..., appium:appActivity: com.pays.pos.ui.activities...., appium:appPackage: com.pays.pos, appium:autoGrantPermissions: true, appium:automationName: UIAutomator2, appium:deviceName: LANDI C20pro, appium:newCommandTimeout: 10000, platformName: ANDROID}]}]
Capabilities {appium:app: E:\EclipseWorkspace\posfina..., appium:appActivity: com.pays.pos.ui.activities...., appium:appPackage: com.pays.pos, appium:autoGrantPermissions: true, appium:automationName: UIAutomator2, appium:deviceName: LANDI C20pro, appium:newCommandTimeout: 10000, platformName: ANDROID}]]>
            </message>
            <full-stacktrace>
[...]
              <![CDATA[Method Pays.posfinaltesting.OpenOderTest.OpenOrder_ChangeOrderType() on instance Pays.posfinaltesting.OpenOderTest@55562aa9 depends on not successfully finished methods 
[Pays.posfinaltesting.OpenOderTest.OpenOrder_AddDiscount() on instance Pays.posfinaltesting.OpenOderTest@55562aa9]]]>
            </message>
            <full-stacktrace>
              <![CDATA[java.lang.Throwable: Method Pays.posfinaltesting.OpenOderTest.OpenOrder_ChangeOrderType() on instance Pays.posfinaltesting.OpenOderTest@55562aa9 depends on not successfully finished methods 
[Pays.posfinaltesting.OpenOderTest.OpenOrder_AddDiscount() on instance Pays.posfinaltesting.OpenOderTest@55562aa9]
at org.testng.internal.invokers.TestInvoker.invokeTestMethods(TestInvoker.java:159)
at org.testng.internal.invokers.TestMethodWorker.invokeTestMethods(TestMethodWorker.java:154)
at org.testng.internal.invokers.TestMethodWorker.run(TestMethodWorker.java:134)
at java.base/java.util.ArrayList.forEach(ArrayList.java:1596)
at org.testng.TestRunner.privateRun(TestRunner.java:739)
at org.testng.TestRunner.run(TestRunner.java:614)
at org.testng.SuiteRunner.runTest(SuiteRunner.java:421)
at org.testng.SuiteRunner.runSequentially(SuiteRunner.java:413)
at org.testng.SuiteRunner.privateRun(SuiteRunner.java:373)
at org.testng.SuiteRunner.run(SuiteRunner.java:312)
at org.testng.SuiteRunnerWorker.runSuite(SuiteRunnerWorker.java:52)
at org.testng.SuiteRunnerWorker.run(SuiteRunnerWorker.java:95)
at org.testng.TestNG.runSuitesSequentially(TestNG.java:1274)
at org.testng.TestNG.runSuitesLocally(TestNG.java:1208)
at org.testng.TestNG.runSuites(TestNG.java:1112)
at org.testng.TestNG.run(TestNG.java:1079)
at org.testng.remote.AbstractRemoteTestNG.run(AbstractRemoteTestNG.java:115)
at org.testng.remote.RemoteTestNG.initAndRun(RemoteTestNG.java:293)
at org.testng.remote.RemoteTestNG.main(RemoteTestNG.java:91)
]]>
            </full-stacktrace>
          </exception> <!-- java.lang.Throwable -->
          <reporter-output>
          </reporter-output>
        </test-method> <!-- OpenOrder_ChangeOrderType -->
        <test-method signature="OpenOrder_AddCustomer()[pri:0, instance:Pays.posfinaltesting.OpenOderTest@55562aa9]" started-at="2025-03-20T21:34:02 IST" name="OpenOrder_AddCustomer" finished-at="2025-03-20T21:34:02 IST" depends-on-methods="Pays.posfinaltesting.OpenOderTest.OpenOrder_ChangeOrderType" duration-ms="0" status="SKIP">
          <exception class="java.lang.Throwable">
            <message>
              <![CDATA[Method Pays.posfinaltesting.OpenOderTest.OpenOrder_AddCustomer() on instance Pays.posfinaltesting.OpenOderTest@55562aa9 depends on not successfully finished methods 
[Pays.posfinaltesting.OpenOderTest.OpenOrder_ChangeOrderType() on instance Pays.posfinaltesting.OpenOderTest@55562aa9]]]>
            </message>
            <full-stacktrace>
              <![CDATA[java.lang.Throwable: Method Pays.posfinaltesting.OpenOderTest.OpenOrder_AddCustomer() on instance Pays.posfinaltesting.OpenOderTest@55562aa9 depends on not successfully finished methods 
[Pays.posfinaltesting.OpenOderTest.OpenOrder_ChangeOrderType() on instance Pays.posfinaltesting.OpenOderTest@55562aa9]
at org.testng.internal.invokers.TestInvoker.invokeTestMethods(TestInvoker.java:159)
at org.testng.internal.invokers.TestMethodWorker.invokeTestMethods(TestMethodWorker.java:154)
at org.testng.internal.invokers.TestMethodWorker.run(TestMethodWorker.java:134)
at java.base/java.util.ArrayList.forEach(ArrayList.java:1596)
at org.testng.TestRunner.privateRun(TestRunner.java:739)
at org.testng.TestRunner.run(TestRunner.java:614)
at org.testng.SuiteRunner.runTest(SuiteRunner.java:421)
at org.testng.SuiteRunner.runSequentially(SuiteRunner.java:413)
at org.testng.SuiteRunner.privateRun(SuiteRunner.java:373)
at org.testng.SuiteRunner.run(SuiteRunner.java:312)
at org.testng.SuiteRunnerWorker.runSuite(SuiteRunnerWorker.java:52)
at org.testng.SuiteRunnerWorker.run(SuiteRunnerWorker.java:95)
at org.testng.TestNG.runSuitesSequentially(TestNG.java:1274)
at org.testng.TestNG.runSuitesLocally(TestNG.java:1208)
at org.testng.TestNG.runSuites(TestNG.java:1112)
at org.testng.TestNG.run(TestNG.java:1079)
at org.testng.remote.AbstractRemoteTestNG.run(AbstractRemoteTestNG.java:115)
at org.testng.remote.RemoteTestNG.initAndRun(RemoteTestNG.java:293)
at org.testng.remote.RemoteTestNG.main(RemoteTestNG.java:91)
]]>
            </full-stacktrace>
          </exception> <!-- java.lang.Throwable -->
          <reporter-output>
          </reporter-output>
        </test-method> <!-- OpenOrder_AddCustomer -->
        <test-method signature="OpenOrder_Loyalty_AppliedLoyaltyPoint()[pri:0, instance:Pays.posfinaltesting.OpenOderTest@55562aa9]" started-at="2025-03-20T21:34:02 IST" name="OpenOrder_Loyalty_AppliedLoyaltyPoint" finished-at="2025-03-20T21:34:02 IST" depends-on-methods="Pays.posfinaltesting.OpenOderTest.OpenOrder_AddCustomer" duration-ms="0" status="SKIP">
          <exception class="java.lang.Throwable">
            <message>
              <![CDATA[Method Pays.posfinaltesting.OpenOderTest.OpenOrder_Loyalty_AppliedLoyaltyPoint() on instance Pays.posfinaltesting.OpenOderTest@55562aa9 depends on not successfully finished methods 
[Pays.posfinaltesting.OpenOderTest.OpenOrder_AddCustomer() on instance Pays.posfinaltesting.OpenOderTest@55562aa9]]]>
            </message>
            <full-stacktrace>
              <![CDATA[java.lang.Throwable: Method Pays.posfinaltesting.OpenOderTest.OpenOrder_Loyalty_AppliedLoyaltyPoint() on instance Pays.posfinaltesting.OpenOderTest@55562aa9 depends on not successfully finished methods 
[Pays.posfinaltesting.OpenOderTest.OpenOrder_AddCustomer() on instance Pays.posfinaltesting.OpenOderTest@55562aa9]
at org.testng.internal.invokers.TestInvoker.invokeTestMethods(TestInvoker.java:159)
at org.testng.internal.invokers.TestMethodWorker.invokeTestMethods(TestMethodWorker.java:154)
at org.testng.internal.invokers.TestMethodWorker.run(TestMethodWorker.java:134)
at java.base/java.util.ArrayList.forEach(ArrayList.java:1596)
at org.testng.TestRunner.privateRun(TestRunner.java:739)
at org.testng.TestRunner.run(TestRunner.java:614)
at org.testng.SuiteRunner.runTest(SuiteRunner.java:421)
at org.testng.SuiteRunner.runSequentially(SuiteRunner.java:413)
at org.testng.SuiteRunner.privateRun(SuiteRunner.java:373)
at org.testng.SuiteRunner.run(SuiteRunner.java:312)
at org.testng.SuiteRunnerWorker.runSuite(SuiteRunnerWorker.java:52)
at org.testng.SuiteRunnerWorker.run(SuiteRunnerWorker.java:95)
at org.testng.TestNG.runSuitesSequentially(TestNG.java:1274)
at org.testng.TestNG.runSuitesLocally(TestNG.java:1208)
at org.testng.TestNG.runSuites(TestNG.java:1112)
at org.testng.TestNG.run(TestNG.java:1079)
at org.testng.remote.AbstractRemoteTestNG.run(AbstractRemoteTestNG.java:115)
at org.testng.remote.RemoteTestNG.initAndRun(RemoteTestNG.java:293)
at org.testng.remote.RemoteTestNG.main(RemoteTestNG.java:91)
]]>
            </full-stacktrace>
          </exception> <!-- java.lang.Throwable -->
          <reporter-output>
          </reporter-output>
        </test-method> <!-- OpenOrder_Loyalty_AppliedLoyaltyPoint -->
        <test-method signature="OpenOrder_Transaction()[pri:0, instance:Pays.posfinaltesting.OpenOderTest@55562aa9]" started-at="2025-03-20T21:34:02 IST" name="OpenOrder_Transaction" finished-at="2025-03-20T21:34:02 IST" depends-on-methods="Pays.posfinaltesting.OpenOderTest.OpenOrder_AddCustomer" duration-ms="0" status="SKIP">
          <exception class="java.lang.Throwable">
            <message>
              <![CDATA[Method Pays.posfinaltesting.OpenOderTest.OpenOrder_Transaction() on instance Pays.posfinaltesting.OpenOderTest@55562aa9 depends on not successfully finished methods 
[Pays.posfinaltesting.OpenOderTest.OpenOrder_AddCustomer() on instance Pays.posfinaltesting.OpenOderTest@55562aa9]]]>
            </message>
            <full-stacktrace>
              <![CDATA[java.lang.Throwable: Method Pays.posfinaltesting.OpenOderTest.OpenOrder_Transaction() on instance Pays.posfinaltesting.OpenOderTest@55562aa9 depends on not successfully finished methods 
[Pays.posfinaltesting.OpenOderTest.OpenOrder_AddCustomer() on instance Pays.posfinaltesting.OpenOderTest@55562aa9]
at org.testng.internal.invokers.TestInvoker.invokeTestMethods(TestInvoker.java:159)
at org.testng.internal.invokers.TestMethodWorker.invokeTestMethods(TestMethodWorker.java:154)
at org.testng.internal.invokers.TestMethodWorker.run(TestMethodWorker.java:134)
at java.base/java.util.ArrayList.forEach(ArrayList.java:1596)
at org.testng.TestRunner.privateRun(TestRunner.java:739)
at org.testng.TestRunner.run(TestRunner.java:614)
at org.testng.SuiteRunner.runTest(SuiteRunner.java:421)
at org.testng.SuiteRunner.runSequentially(SuiteRunner.java:413)
at org.testng.SuiteRunner.privateRun(SuiteRunner.java:373)
at org.testng.SuiteRunner.run(SuiteRunner.java:312)
at org.testng.SuiteRunnerWorker.runSuite(SuiteRunnerWorker.java:52)
at org.testng.SuiteRunnerWorker.run(SuiteRunnerWorker.java:95)
at org.testng.TestNG.runSuitesSequentially(TestNG.java:1274)
at org.testng.TestNG.runSuitesLocally(TestNG.java:1208)
at org.testng.TestNG.runSuites(TestNG.java:1112)
at org.testng.TestNG.run(TestNG.java:1079)
at org.testng.remote.AbstractRemoteTestNG.run(AbstractRemoteTestNG.java:115)
at org.testng.remote.RemoteTestNG.initAndRun(RemoteTestNG.java:293)
at org.testng.remote.RemoteTestNG.main(RemoteTestNG.java:91)
]]>
            </full-stacktrace>
          </exception> <!-- java.lang.Throwable -->
          <reporter-output>
          </reporter-output>
        </test-method> <!-- OpenOrder_Transaction -->
        <test-method signature="OpenOrder_Tip_AddTip()[pri:0, instance:Pays.posfinaltesting.OpenOderTest@55562aa9]" started-at="2025-03-20T21:34:02 IST" name="OpenOrder_Tip_AddTip" finished-at="2025-03-20T21:34:02 IST" depends-on-methods="Pays.posfinaltesting.OpenOderTest.OpenOrder_Transaction" duration-ms="0" status="SKIP">
          <exception class="java.lang.Throwable">
            <message>
              <![CDATA[Method Pays.posfinaltesting.OpenOderTest.OpenOrder_Tip_AddTip() on instance Pays.posfinaltesting.OpenOderTest@55562aa9 depends on not successfully finished methods 
[Pays.posfinaltesting.OpenOderTest.OpenOrder_Transaction() on instance Pays.posfinaltesting.OpenOderTest@55562aa9]]]>
            </message>
            <full-stacktrace>
              <![CDATA[java.lang.Throwable: Method Pays.posfinaltesting.OpenOderTest.OpenOrder_Tip_AddTip() on instance Pays.posfinaltesting.OpenOderTest@55562aa9 depends on not successfully finished methods 
[Pays.posfinaltesting.OpenOderTest.OpenOrder_Transaction() on instance Pays.posfinaltesting.OpenOderTest@55562aa9]
at org.testng.internal.invokers.TestInvoker.invokeTestMethods(TestInvoker.java:159)
at org.testng.internal.invokers.TestMethodWorker.invokeTestMethods(TestMethodWorker.java:154)
at org.testng.internal.invokers.TestMethodWorker.run(TestMethodWorker.java:134)
at java.base/java.util.ArrayList.forEach(ArrayList.java:1596)
at org.testng.TestRunner.privateRun(TestRunner.java:739)
at org.testng.TestRunner.run(TestRunner.java:614)
at org.testng.SuiteRunner.runTest(SuiteRunner.java:421)
at org.testng.SuiteRunner.runSequentially(SuiteRunner.java:413)
at org.testng.SuiteRunner.privateRun(SuiteRunner.java:373)
at org.testng.SuiteRunner.run(SuiteRunner.java:312)
at org.testng.SuiteRunnerWorker.runSuite(SuiteRunnerWorker.java:52)
at org.testng.SuiteRunnerWorker.run(SuiteRunnerWorker.java:95)
at org.testng.TestNG.runSuitesSequentially(TestNG.java:1274)
at org.testng.TestNG.runSuitesLocally(TestNG.java:1208)
at org.testng.TestNG.runSuites(TestNG.java:1112)
at org.testng.TestNG.run(TestNG.java:1079)
at org.testng.remote.AbstractRemoteTestNG.run(AbstractRemoteTestNG.java:115)
at org.testng.remote.RemoteTestNG.initAndRun(RemoteTestNG.java:293)
at org.testng.remote.RemoteTestNG.main(RemoteTestNG.java:91)
]]>
            </full-stacktrace>
          </exception> <!-- java.lang.Throwable -->
          <reporter-output>
          </reporter-output>
        </test-method> <!-- OpenOrder_Tip_AddTip -->
        <test-method signature="OpenOrder_Card_FinalWayPayment()[pri:0, instance:Pays.posfinaltesting.OpenOderTest@55562aa9]" started-at="2025-03-20T21:34:02 IST" name="OpenOrder_Card_FinalWayPayment" finished-at="2025-03-20T21:34:02 IST" depends-on-methods="Pays.posfinaltesting.OpenOderTest.OpenOrder_Tip_AddTip" duration-ms="0" status="SKIP">
          <exception class="java.lang.Throwable">
            <message>
              <![CDATA[Method Pays.posfinaltesting.OpenOderTest.OpenOrder_Card_FinalWayPayment() on instance Pays.posfinaltesting.OpenOderTest@55562aa9 depends on not successfully finished methods 
[Pays.posfinaltesting.OpenOderTest.OpenOrder_Tip_AddTip() on instance Pays.posfinaltesting.OpenOderTest@55562aa9]]]>
            </message>
            <full-stacktrace>
              <![CDATA[java.lang.Throwable: Method Pays.posfinaltesting.OpenOderTest.OpenOrder_Card_FinalWayPayment() on instance Pays.posfinaltesting.OpenOderTest@55562aa9 depends on not successfully finished methods 
[Pays.posfinaltesting.OpenOderTest.OpenOrder_Tip_AddTip() on instance Pays.posfinaltesting.OpenOderTest@55562aa9]
at org.testng.internal.invokers.TestInvoker.invokeTestMethods(TestInvoker.java:159)
at org.testng.internal.invokers.TestMethodWorker.invokeTestMethods(TestMethodWorker.java:154)
at org.testng.internal.invokers.TestMethodWorker.run(TestMethodWorker.java:134)
at java.base/java.util.ArrayList.forEach(ArrayList.java:1596)
at org.testng.TestRunner.privateRun(TestRunner.java:739)
at org.testng.TestRunner.run(TestRunner.java:614)
at org.testng.SuiteRunner.runTest(SuiteRunner.java:421)
at org.testng.SuiteRunner.runSequentially(SuiteRunner.java:413)
at org.testng.SuiteRunner.privateRun(SuiteRunner.java:373)
at org.testng.SuiteRunner.run(SuiteRunner.java:312)
at org.testng.SuiteRunnerWorker.runSuite(SuiteRunnerWorker.java:52)
at org.testng.SuiteRunnerWorker.run(SuiteRunnerWorker.java:95)
at org.testng.TestNG.runSuitesSequentially(TestNG.java:1274)
at org.testng.TestNG.runSuitesLocally(TestNG.java:1208)
at org.testng.TestNG.runSuites(TestNG.java:1112)
at org.testng.TestNG.run(TestNG.java:1079)
at org.testng.remote.AbstractRemoteTestNG.run(AbstractRemoteTestNG.java:115)
at org.testng.remote.RemoteTestNG.initAndRun(RemoteTestNG.java:293)
at org.testng.remote.RemoteTestNG.main(RemoteTestNG.java:91)
]]>
            </full-stacktrace>
          </exception> <!-- java.lang.Throwable -->
          <reporter-output>
          </reporter-output>
        </test-method> <!-- OpenOrder_Card_FinalWayPayment -->
        <test-method signature="OpenOrder_Card_Refund_SelectRefund()[pri:0, instance:Pays.posfinaltesting.OpenOderTest@55562aa9]" started-at="2025-03-20T21:34:02 IST" name="OpenOrder_Card_Refund_SelectRefund" finished-at="2025-03-20T21:34:02 IST" depends-on-methods="Pays.posfinaltesting.OpenOderTest.OpenOrder_Card_FinalWayPayment" duration-ms="0" status="SKIP">
          <exception class="java.lang.Throwable">
            <message>
              <![CDATA[Method Pays.posfinaltesting.OpenOderTest.OpenOrder_Card_Refund_SelectRefund() on instance Pays.posfinaltesting.OpenOderTest@55562aa9 depends on not successfully finished methods 
[Pays.posfinaltesting.OpenOderTest.OpenOrder_Card_FinalWayPayment() on instance Pays.posfinaltesting.OpenOderTest@55562aa9]]]>
            </message>
            <full-stacktrace>
              <![CDATA[java.lang.Throwable: Method Pays.posfinaltesting.OpenOderTest.OpenOrder_Card_Refund_SelectRefund() on instance Pays.posfinaltesting.OpenOderTest@55562aa9 depends on not successfully finished methods 
[Pays.posfinaltesting.OpenOderTest.OpenOrder_Card_FinalWayPayment() on instance Pays.posfinaltesting.OpenOderTest@55562aa9]
at org.testng.internal.invokers.TestInvoker.invokeTestMethods(TestInvoker.java:159)
at org.testng.internal.invokers.TestMethodWorker.invokeTestMethods(TestMethodWorker.java:154)
at org.testng.internal.invokers.TestMethodWorker.run(TestMethodWorker.java:134)
at java.base/java.util.ArrayList.forEach(ArrayList.java:1596)
at org.testng.TestRunner.privateRun(TestRunner.java:739)
at org.testng.TestRunner.run(TestRunner.java:614)
at org.testng.SuiteRunner.runTest(SuiteRunner.java:421)
at org.testng.SuiteRunner.runSequentially(SuiteRunner.java:413)
at org.testng.SuiteRunner.privateRun(SuiteRunner.java:373)
at org.testng.SuiteRunner.run(SuiteRunner.java:312)
at org.testng.SuiteRunnerWorker.runSuite(SuiteRunnerWorker.java:52)
at org.testng.SuiteRunnerWorker.run(SuiteRunnerWorker.java:95)
at org.testng.TestNG.runSuitesSequentially(TestNG.java:1274)
at org.testng.TestNG.runSuitesLocally(TestNG.java:1208)
at org.testng.TestNG.runSuites(TestNG.java:1112)
at org.testng.TestNG.run(TestNG.java:1079)
at org.testng.remote.AbstractRemoteTestNG.run(AbstractRemoteTestNG.java:115)
at org.testng.remote.RemoteTestNG.initAndRun(RemoteTestNG.java:293)
at org.testng.remote.RemoteTestNG.main(RemoteTestNG.java:91)
]]>
            </full-stacktrace>
          </exception> <!-- java.lang.Throwable -->
          <reporter-output>
          </reporter-output>
        </test-method> <!-- OpenOrder_Card_Refund_SelectRefund -->
        <test-method signature="OpenOrder_Card_Refund_PrintReceipt()[pri:0, instance:Pays.posfinaltesting.OpenOderTest@55562aa9]" started-at="2025-03-20T21:34:02 IST" name="OpenOrder_Card_Refund_PrintReceipt" finished-at="2025-03-20T21:34:02 IST" depends-on-methods="Pays.posfinaltesting.OpenOderTest.OpenOrder_Card_Refund_SelectRefund" duration-ms="1" status="SKIP">
          <exception class="java.lang.Throwable">
            <message>
              <![CDATA[Method Pays.posfinaltesting.OpenOderTest.OpenOrder_Card_Refund_PrintReceipt() on instance Pays.posfinaltesting.OpenOderTest@55562aa9 depends on not successfully finished methods 
[Pays.posfinaltesting.OpenOderTest.OpenOrder_Card_Refund_SelectRefund() on instance Pays.posfinaltesting.OpenOderTest@55562aa9]]]>
            </message>
            <full-stacktrace>
              <![CDATA[java.lang.Throwable: Method Pays.posfinaltesting.OpenOderTest.OpenOrder_Card_Refund_PrintReceipt() on instance Pays.posfinaltesting.OpenOderTest@55562aa9 depends on not successfully finished methods 
[Pays.posfinaltesting.OpenOderTest.OpenOrder_Card_Refund_SelectRefund() on instance Pays.posfinaltesting.OpenOderTest@55562aa9]
at org.testng.internal.invokers.TestInvoker.invokeTestMethods(TestInvoker.java:159)
at org.testng.internal.invokers.TestMethodWorker.invokeTestMethods(TestMethodWorker.java:154)
at org.testng.internal.invokers.TestMethodWorker.run(TestMethodWorker.java:134)
at java.base/java.util.ArrayList.forEach(ArrayList.java:1596)
at org.testng.TestRunner.privateRun(TestRunner.java:739)
at org.testng.TestRunner.run(TestRunner.java:614)
at org.testng.SuiteRunner.runTest(SuiteRunner.java:421)
at org.testng.SuiteRunner.runSequentially(SuiteRunner.java:413)
at org.testng.SuiteRunner.privateRun(SuiteRunner.java:373)
at org.testng.SuiteRunner.run(SuiteRunner.java:312)
at org.testng.SuiteRunnerWorker.runSuite(SuiteRunnerWorker.java:52)
at org.testng.SuiteRunnerWorker.run(SuiteRunnerWorker.java:95)
at org.testng.TestNG.runSuitesSequentially(TestNG.java:1274)
at org.testng.TestNG.runSuitesLocally(TestNG.java:1208)
at org.testng.TestNG.runSuites(TestNG.java:1112)
at org.testng.TestNG.run(TestNG.java:1079)
at org.testng.remote.AbstractRemoteTestNG.run(AbstractRemoteTestNG.java:115)
at org.testng.remote.RemoteTestNG.initAndRun(RemoteTestNG.java:293)
at org.testng.remote.RemoteTestNG.main(RemoteTestNG.java:91)
]]>
            </full-stacktrace>
          </exception> <!-- java.lang.Throwable -->
          <reporter-output>
          </reporter-output>
        </test-method> <!-- OpenOrder_Card_Refund_PrintReceipt -->
      </class> <!-- Pays.posfinaltesting.OpenOderTest -->
    </test> <!-- Card_RefundPaymentTest -->
  </suite> <!-- Suite -->
</testng-results>
